Copyright 1986-2022 Xilinx, Inc. All Rights Reserved. Copyright 2022-2025 Advanced Micro Devices, Inc. All Rights Reserved.
---------------------------------------------------------------------------------------------------------------------------------------------------------------------
| Tool Version : Vivado v.2025.2 (win64) Build 6299465 Fri Nov 14 19:35:11 GMT 2025
| Date         : Wed Apr 22 22:12:41 2026
| Host         : DESKTOP-NP0GIO7 running 64-bit major release  (build 9200)
| Command      : report_timing_summary -file {G:/My Drive/0 - SUTD/Term 6/DSL/Project/verilog/FPGA-Vivado-Verilog-VS-code-Project-Template/build/timing_summary.rpt}
| Design       : lfsr_nl_seed_uart
| Device       : 7a35t-cpg236
| Speed File   : -1  PRODUCTION 1.23 2018-06-13
| Design State : Routed
---------------------------------------------------------------------------------------------------------------------------------------------------------------------

Timing Summary Report

------------------------------------------------------------------------------------------------
| Timer Settings
| --------------
------------------------------------------------------------------------------------------------

  Enable Multi Corner Analysis               :  Yes
  Enable Pessimism Removal                   :  Yes
  Pessimism Removal Resolution               :  Nearest Common Node
  Enable Input Delay Default Clock           :  No
  Enable Preset / Clear Arcs                 :  No
  Disable Flight Delays                      :  No
  Ignore I/O Paths                           :  No
  Timing Early Launch at Borrowing Latches   :  No
  Borrow Time for Max Delay Exceptions       :  Yes
  Merge Timing Exceptions                    :  Yes
  Inter-SLR Compensation                     :  Conservative

  Corner  Analyze    Analyze    
  Name    Max Paths  Min Paths  
  ------  ---------  ---------  
  Slow    Yes        Yes        
  Fast    Yes        Yes        


------------------------------------------------------------------------------------------------
| Report Methodology
| ------------------
------------------------------------------------------------------------------------------------

Rule       Severity  Description                    Violations  
---------  --------  -----------------------------  ----------  
TIMING-18  Warning   Missing input or output delay  4           

Note: This report is based on the most recent report_methodology run and may not be up-to-date. Run report_methodology on the current design for the latest report.



check_timing report

Table of Contents
-----------------
1. checking no_clock (0)
2. checking constant_clock (0)
3. checking pulse_width_clock (0)
4. checking unconstrained_internal_endpoints (0)
5. checking no_input_delay (1)
6. checking no_output_delay (3)
7. checking multiple_clock (0)
8. checking generated_clocks (0)
9. checking loops (0)
10. checking partial_input_delay (0)
11. checking partial_output_delay (0)
12. checking latch_loops (0)

1. checking no_clock (0)
------------------------
 There are 0 register/latch pins with no clock.


2. checking constant_clock (0)
------------------------------
 There are 0 register/latch pins with constant_clock.


3. checking pulse_width_clock (0)
---------------------------------
 There are 0 register/latch pins which need pulse_width check


4. checking unconstrained_internal_endpoints (0)
------------------------------------------------
 There are 0 pins that are not constrained for maximum delay.

 There are 0 pins that are not constrained for maximum delay due to constant clock.


5. checking no_input_delay (1)
------------------------------
 There is 1 input port with no input delay specified. (HIGH)

 There are 0 input ports with no input delay but user has a false path constraint.


6. checking no_output_delay (3)
-------------------------------
 There are 3 ports with no output delay specified. (HIGH)

 There are 0 ports with no output delay but user has a false path constraint

 There are 0 ports with no output delay but with a timing clock defined on it or propagating through it


7. checking multiple_clock (0)
------------------------------
 There are 0 register/latch pins with multiple clocks.


8. checking generated_clocks (0)
--------------------------------
 There are 0 generated clocks that are not connected to a clock source.


9. checking loops (0)
---------------------
 There are 0 combinational loops in the design.


10. checking partial_input_delay (0)
------------------------------------
 There are 0 input ports with partial input delay specified.


11. checking partial_output_delay (0)
-------------------------------------
 There are 0 ports with partial output delay specified.


12. checking latch_loops (0)
----------------------------
 There are 0 combinational latch loops in the design through latch input



------------------------------------------------------------------------------------------------
| Design Timing Summary
| ---------------------
------------------------------------------------------------------------------------------------

    WNS(ns)      TNS(ns)  TNS Failing Endpoints  TNS Total Endpoints      WHS(ns)      THS(ns)  THS Failing Endpoints  THS Total Endpoints     WPWS(ns)     TPWS(ns)  TPWS Failing Endpoints  TPWS Total Endpoints  
    -------      -------  ---------------------  -------------------      -------      -------  ---------------------  -------------------     --------     --------  ----------------------  --------------------  
     63.334        0.000                      0                  412        0.155        0.000                      0                  412       41.160        0.000                       0                   160  


All user specified timing constraints are met.


------------------------------------------------------------------------------------------------
| Clock Summary
| -------------
------------------------------------------------------------------------------------------------

Clock        Waveform(ns)       Period(ns)      Frequency(MHz)
-----        ------------       ----------      --------------
sys_clk_pin  {0.000 41.660}     83.330          12.000          


------------------------------------------------------------------------------------------------
| Intra Clock Table
| -----------------
------------------------------------------------------------------------------------------------

Clock             WNS(ns)      TNS(ns)  TNS Failing Endpoints  TNS Total Endpoints      WHS(ns)      THS(ns)  THS Failing Endpoints  THS Total Endpoints     WPWS(ns)     TPWS(ns)  TPWS Failing Endpoints  TPWS Total Endpoints  
-----             -------      -------  ---------------------  -------------------      -------      -------  ---------------------  -------------------     --------     --------  ----------------------  --------------------  
sys_clk_pin        63.334        0.000                      0                  412        0.155        0.000                      0                  412       41.160        0.000                       0                   160  


------------------------------------------------------------------------------------------------
| Inter Clock Table
| -----------------
------------------------------------------------------------------------------------------------

From Clock    To Clock          WNS(ns)      TNS(ns)  TNS Failing Endpoints  TNS Total Endpoints      WHS(ns)      THS(ns)  THS Failing Endpoints  THS Total Endpoints  
----------    --------          -------      -------  ---------------------  -------------------      -------      -------  ---------------------  -------------------  


------------------------------------------------------------------------------------------------
| Other Path Groups Table
| -----------------------
------------------------------------------------------------------------------------------------

Path Group    From Clock    To Clock          WNS(ns)      TNS(ns)  TNS Failing Endpoints  TNS Total Endpoints      WHS(ns)      THS(ns)  THS Failing Endpoints  THS Total Endpoints  
----------    ----------    --------          -------      -------  ---------------------  -------------------      -------      -------  ---------------------  -------------------  


------------------------------------------------------------------------------------------------
| Timing Details
| --------------
------------------------------------------------------------------------------------------------


---------------------------------------------------------------------------------------------------
From Clock:  sys_clk_pin
  To Clock:  sys_clk_pin

Setup :            0  Failing Endpoints,  Worst Slack       63.334ns,  Total Violation        0.000ns
Hold  :            0  Failing Endpoints,  Worst Slack        0.155ns,  Total Violation        0.000ns
PW    :            0  Failing Endpoints,  Worst Slack       41.160ns,  Total Violation        0.000ns
---------------------------------------------------------------------------------------------------


Max Delay Paths
--------------------------------------------------------------------------------------
Slack (MET) :             63.334ns  (required time - arrival time)
  Source:                 clean_bit_reg/C
                            (rising edge-triggered cell FDRE clocked by sys_clk_pin  {rise@0.000ns fall@41.660ns period=83.330ns})
  Destination:            rand_word_reg[15]/D
                            (rising edge-triggered cell FDRE clocked by sys_clk_pin  {rise@0.000ns fall@41.660ns period=83.330ns})
  Path Group:             sys_clk_pin
  Path Type:              Setup (Max at Slow Process Corner)
  Requirement:            83.330ns  (sys_clk_pin rise@83.330ns - sys_clk_pin rise@0.000ns)
  Data Path Delay:        19.805ns  (logic 11.156ns (56.329%)  route 8.649ns (43.671%))
  Logic Levels:           11  (CARRY4=4 DSP48E1=2 LUT2=2 LUT3=1 LUT5=2)
  Clock Path Skew:        -0.092ns (DCD - SCD + CPR)
    Destination Clock Delay (DCD):    4.798ns = ( 88.128 - 83.330 ) 
    Source Clock Delay      (SCD):    5.077ns
    Clock Pessimism Removal (CPR):    0.186ns
  Clock Uncertainty:      0.035ns  ((TSJ^2 + TIJ^2)^1/2 + DJ) / 2 + PE
    Total System Jitter     (TSJ):    0.071ns
    Total Input Jitter      (TIJ):    0.000ns
    Discrete Jitter          (DJ):    0.000ns
    Phase Error              (PE):    0.000ns

    Location             Delay type                Incr(ns)  Path(ns)    Netlist Resource(s)
  -------------------------------------------------------------------    -------------------
                         (clock sys_clk_pin rise edge)
                                                      0.000     0.000 r  
    L17                                               0.000     0.000 r  sysclk (IN)
                         net (fo=0)                   0.000     0.000    sysclk
    L17                  IBUF (Prop_ibuf_I_O)         1.476     1.476 r  sysclk_IBUF_inst/O
                         net (fo=1, routed)           1.972     3.448    sysclk_IBUF
    BUFGCTRL_X0Y0        BUFG (Prop_bufg_I_O)         0.096     3.544 r  sysclk_IBUF_BUFG_inst/O
                         net (fo=159, routed)         1.533     5.077    sysclk_IBUF_BUFG
    SLICE_X38Y75         FDRE                                         r  clean_bit_reg/C
  -------------------------------------------------------------------    -------------------
    SLICE_X38Y75         FDRE (Prop_fdre_C_Q)         0.518     5.595 r  clean_bit_reg/Q
                         net (fo=2, routed)           2.077     7.671    clean_bit_reg_n_0
    SLICE_X8Y70          LUT5 (Prop_lut5_I0_O)        0.124     7.795 r  xor_mix_return2_i_73/O
                         net (fo=1, routed)           0.286     8.081    xor_mix_return2_i_73_n_0
    SLICE_X8Y70          LUT3 (Prop_lut3_I2_O)        0.124     8.205 r  xor_mix_return2_i_67/O
                         net (fo=9, routed)           0.652     8.858    lfsr_feedback_seeded
    SLICE_X9Y68          CARRY4 (Prop_carry4_CYINIT_CO[3])
                                                      0.580     9.438 r  xor_mix_return2_i_61/CO[3]
                         net (fo=1, routed)           0.000     9.438    xor_mix_return2_i_61_n_0
    SLICE_X9Y69          CARRY4 (Prop_carry4_CI_O[3])
                                                      0.313     9.751 r  xor_mix_return2_i_43/O[3]
                         net (fo=8, routed)           1.025    10.776    x[8]
    SLICE_X8Y68          LUT5 (Prop_lut5_I0_O)        0.306    11.082 r  xor_mix_return2_i_26/O
                         net (fo=1, routed)           0.000    11.082    xor_mix_return2_i_26_n_0
    SLICE_X8Y68          CARRY4 (Prop_carry4_S[1]_CO[3])
                                                      0.533    11.615 r  xor_mix_return2_i_2/CO[3]
                         net (fo=1, routed)           0.000    11.615    xor_mix_return2_i_2_n_0
    SLICE_X8Y69          CARRY4 (Prop_carry4_CI_O[3])
                                                      0.315    11.930 r  xor_mix_return2_i_1/O[3]
                         net (fo=2, routed)           0.820    12.750    xor_mix_return4[8]
    SLICE_X9Y67          LUT2 (Prop_lut2_I1_O)        0.335    13.085 r  xor_mix_return2_i_3/O
                         net (fo=1, routed)           0.581    13.666    xor_mix_return3[8]
    DSP48_X0Y27          DSP48E1 (Prop_dsp48e1_A[8]_P[13])
                                                      4.043    17.709 r  xor_mix_return2/P[13]
                         net (fo=2, routed)           1.194    18.903    xor_mix_return2__0[4]
    SLICE_X12Y66         LUT2 (Prop_lut2_I0_O)        0.124    19.027 r  xor_mix_return0_i_3/O
                         net (fo=1, routed)           0.568    19.596    xor_mix_return1[4]
    DSP48_X0Y26          DSP48E1 (Prop_dsp48e1_A[4]_P[15])
                                                      3.841    23.437 r  xor_mix_return0/P[15]
                         net (fo=2, routed)           1.445    24.882    xor_mix_return0__0[2]
    SLICE_X14Y65         FDRE                                         r  rand_word_reg[15]/D
  -------------------------------------------------------------------    -------------------

                         (clock sys_clk_pin rise edge)
                                                     83.330    83.330 r  
    L17                                               0.000    83.330 r  sysclk (IN)
                         net (fo=0)                   0.000    83.330    sysclk
    L17                  IBUF (Prop_ibuf_I_O)         1.406    84.736 r  sysclk_IBUF_inst/O
                         net (fo=1, routed)           1.868    86.604    sysclk_IBUF
    BUFGCTRL_X0Y0        BUFG (Prop_bufg_I_O)         0.091    86.695 r  sysclk_IBUF_BUFG_inst/O
                         net (fo=159, routed)         1.434    88.128    sysclk_IBUF_BUFG
    SLICE_X14Y65         FDRE                                         r  rand_word_reg[15]/C
                         clock pessimism              0.186    88.314    
                         clock uncertainty           -0.035    88.279    
    SLICE_X14Y65         FDRE (Setup_fdre_C_D)       -0.063    88.216    rand_word_reg[15]
  -------------------------------------------------------------------
                         required time                         88.216    
                         arrival time                         -24.882    
  -------------------------------------------------------------------
                         slack                                 63.334    





Min Delay Paths
--------------------------------------------------------------------------------------
Slack (MET) :             0.155ns  (arrival time - required time)
  Source:                 rx_inst/FSM_onehot_state_reg[0]/C
                            (rising edge-triggered cell FDSE clocked by sys_clk_pin  {rise@0.000ns fall@41.660ns period=83.330ns})
  Destination:            rx_inst/bit_index_reg[1]/D
                            (rising edge-triggered cell FDRE clocked by sys_clk_pin  {rise@0.000ns fall@41.660ns period=83.330ns})
  Path Group:             sys_clk_pin
  Path Type:              Hold (Min at Fast Process Corner)
  Requirement:            0.000ns  (sys_clk_pin rise@0.000ns - sys_clk_pin rise@0.000ns)
  Data Path Delay:        0.299ns  (logic 0.189ns (63.138%)  route 0.110ns (36.862%))
  Logic Levels:           1  (LUT5=1)
  Clock Path Skew:        0.013ns (DCD - SCD - CPR)
    Destination Clock Delay (DCD):    1.975ns
    Source Clock Delay      (SCD):    1.462ns
    Clock Pessimism Removal (CPR):    0.500ns

    Location             Delay type                Incr(ns)  Path(ns)    Netlist Resource(s)
  -------------------------------------------------------------------    -------------------
                         (clock sys_clk_pin rise edge)
                                                      0.000     0.000 r  
    L17                                               0.000     0.000 r  sysclk (IN)
                         net (fo=0)                   0.000     0.000    sysclk
    L17                  IBUF (Prop_ibuf_I_O)         0.244     0.244 r  sysclk_IBUF_inst/O
                         net (fo=1, routed)           0.634     0.878    sysclk_IBUF
    BUFGCTRL_X0Y0        BUFG (Prop_bufg_I_O)         0.026     0.904 r  sysclk_IBUF_BUFG_inst/O
                         net (fo=159, routed)         0.558     1.462    rx_inst/sysclk_IBUF_BUFG
    SLICE_X13Y67         FDSE                                         r  rx_inst/FSM_onehot_state_reg[0]/C
  -------------------------------------------------------------------    -------------------
    SLICE_X13Y67         FDSE (Prop_fdse_C_Q)         0.141     1.603 r  rx_inst/FSM_onehot_state_reg[0]/Q
                         net (fo=6, routed)           0.110     1.713    rx_inst/FSM_onehot_state_reg_n_0_[0]
    SLICE_X12Y67         LUT5 (Prop_lut5_I1_O)        0.048     1.761 r  rx_inst/bit_index[1]_i_1/O
                         net (fo=1, routed)           0.000     1.761    rx_inst/bit_index[1]_i_1_n_0
    SLICE_X12Y67         FDRE                                         r  rx_inst/bit_index_reg[1]/D
  -------------------------------------------------------------------    -------------------

                         (clock sys_clk_pin rise edge)
                                                      0.000     0.000 r  
    L17                                               0.000     0.000 r  sysclk (IN)
                         net (fo=0)                   0.000     0.000    sysclk
    L17                  IBUF (Prop_ibuf_I_O)         0.432     0.432 r  sysclk_IBUF_inst/O
                         net (fo=1, routed)           0.689     1.120    sysclk_IBUF
    BUFGCTRL_X0Y0        BUFG (Prop_bufg_I_O)         0.029     1.149 r  sysclk_IBUF_BUFG_inst/O
                         net (fo=159, routed)         0.825     1.975    rx_inst/sysclk_IBUF_BUFG
    SLICE_X12Y67         FDRE                                         r  rx_inst/bit_index_reg[1]/C
                         clock pessimism             -0.500     1.475    
    SLICE_X12Y67         FDRE (Hold_fdre_C_D)         0.131     1.606    rx_inst/bit_index_reg[1]
  -------------------------------------------------------------------
                         required time                         -1.606    
                         arrival time                           1.761    
  -------------------------------------------------------------------
                         slack                                  0.155    





Pulse Width Checks
--------------------------------------------------------------------------------------
Clock Name:         sys_clk_pin
Waveform(ns):       { 0.000 41.660 }
Period(ns):         83.330
Sources:            { sysclk }

Check Type        Corner  Lib Pin    Reference Pin  Required(ns)  Actual(ns)  Slack(ns)  Location      Pin
Min Period        n/a     XADC/DCLK  n/a            4.000         83.330      79.330     XADC_X0Y0     xadc_inst/DCLK
Low Pulse Width   Slow    FDRE/C     n/a            0.500         41.670      41.170     SLICE_X10Y64  FSM_sequential_state_reg[0]/C
High Pulse Width  Slow    FDRE/C     n/a            0.500         41.660      41.160     SLICE_X10Y64  FSM_sequential_state_reg[0]/C



