#-----------------------------------------------------------
# Vivado v2025.2 (64-bit)
# SW Build 6299465 on Fri Nov 14 19:35:11 GMT 2025
# IP Build 6300035 on Fri Nov 14 10:48:45 MST 2025
# SharedData Build 6298862 on Thu Nov 13 04:50:51 MST 2025
# Start of session at: Wed Apr 22 21:34:08 2026
# Process ID         : 15888
# Current directory  : G:/My Drive/0 - SUTD/Term 6/DSL/Project/verilog/FPGA-Vivado-Verilog-VS-code-Project-Template
# Command line       : vivado.exe -mode batch -source scripts/build.tcl
# Log file           : G:/My Drive/0 - SUTD/Term 6/DSL/Project/verilog/FPGA-Vivado-Verilog-VS-code-Project-Template/vivado.log
# Journal file       : G:/My Drive/0 - SUTD/Term 6/DSL/Project/verilog/FPGA-Vivado-Verilog-VS-code-Project-Template\vivado.jou
# Running On         : DESKTOP-NP0GIO7
# Platform           : Windows Server 2016 or Windows 10
# Operating System   : 26200
# Processor Detail   : 11th Gen Intel(R) Core(TM) i5-11400H @ 2.70GHz
# CPU Frequency      : 2688 MHz
# CPU Physical cores : 6
# CPU Logical cores  : 12
# Host memory        : 16904 MB
# Swap memory        : 3087 MB
# Total Virtual      : 19991 MB
# Available Virtual  : 6204 MB
#-----------------------------------------------------------
source scripts/build.tcl
# set script_dir [file dirname [file normalize [info script]]]
# set src_dir [file normalize "$script_dir/../src"]
# set constraints_dir [file normalize "$script_dir/../constraints"]
# set config_file [file normalize "$script_dir/config.tcl"]
# if {![file exists $config_file]} {
#     puts "ERROR: Configuration file not found: $config_file"
#     puts "Please create config.tcl in the scripts directory"
#     exit 1
# }
# source $config_file
## set PROJECT_NAME "cmod_a7_project"
## set TOP_MODULE "lfsr_nl_seed_uart"
## set PART_NAME "xc7a35tcpg236-1"
## set SOURCE_FILES [list "lfsr_nl_seed_uart.v"]
## set CONSTRAINT_FILES [list "lfsr_nl_seed.xdc"]
## set BUILD_DIR "build"
## set SYNTH_STRATEGY "Vivado Synthesis Defaults"
## set IMPL_STRATEGY "Vivado Implementation Defaults"
## puts "INFO: Loaded configuration for project: $PROJECT_NAME"
INFO: Loaded configuration for project: cmod_a7_project
## puts "INFO: Top module: $TOP_MODULE"
INFO: Top module: lfsr_nl_seed_uart
## puts "INFO: Target device: $PART_NAME"
INFO: Target device: xc7a35tcpg236-1
# set project_dir [file normalize "$script_dir/../$BUILD_DIR"]
# set project_name $PROJECT_NAME
# set part_name $PART_NAME
# puts "DEBUG: script_dir = $script_dir"
DEBUG: script_dir = G:/My Drive/0 - SUTD/Term 6/DSL/Project/verilog/FPGA-Vivado-Verilog-VS-code-Project-Template/scripts
# puts "DEBUG: src_dir = $src_dir"
DEBUG: src_dir = G:/My Drive/0 - SUTD/Term 6/DSL/Project/verilog/FPGA-Vivado-Verilog-VS-code-Project-Template/src
# puts "DEBUG: project_dir = $project_dir"
DEBUG: project_dir = G:/My Drive/0 - SUTD/Term 6/DSL/Project/verilog/FPGA-Vivado-Verilog-VS-code-Project-Template/build
# file mkdir $project_dir
# create_project -force $project_name $project_dir -part $part_name
INFO: [ProjectBase 1-489] The host OS only allows 260 characters in a normal path. The project is stored in a path with more than 80 characters. If you experience issues with IP, Block Designs, or files not being found, please consider moving the project to a location with a shorter path. Alternately consider using the OS subst command to map part of the path to a drive letter.
Current project path is 'G:/My Drive/0 - SUTD/Term 6/DSL/Project/verilog/FPGA-Vivado-Verilog-VS-code-Project-Template/build'
create_project: Time (s): cpu = 00:00:10 ; elapsed = 00:00:09 . Memory (MB): peak = 664.914 ; gain = 220.809
# if {[llength $SOURCE_FILES] == 1 && [string match "*\**" $SOURCE_FILES]} {
#     # Glob pattern - add all matching files
#     puts "Adding source files matching pattern: $SOURCE_FILES"
#     set source_file_list [glob -nocomplain $src_dir/$SOURCE_FILES]
#     if {[llength $source_file_list] == 0} {
#         puts "ERROR: No source files found matching pattern: $SOURCE_FILES"
#         exit 1
#     }
#     add_files $source_file_list
#     puts "Added [llength $source_file_list] source file(s)"
# } else {
#     # Specific file list
#     set source_file_list {}
#     foreach src_file $SOURCE_FILES {
#         set full_path [file normalize "$src_dir/$src_file"]
#         if {![file exists $full_path]} {
#             puts "ERROR: Source file not found: $full_path"
#             exit 1
#         }
#         lappend source_file_list $full_path
#         puts "Adding source file: $full_path"
#     }
#     add_files $source_file_list
# }
Adding source files matching pattern: lfsr_nl_seed_uart.v
Added 1 source file(s)
# if {[llength $CONSTRAINT_FILES] == 1 && [string match "*\**" $CONSTRAINT_FILES]} {
#     # Glob pattern
#     add_files -fileset constrs_1 [glob -nocomplain $constraints_dir/$CONSTRAINT_FILES]
# } else {
#     # Specific file list
#     foreach const_file $CONSTRAINT_FILES {
#         set full_path [file normalize "$constraints_dir/$const_file"]
#         if {[file exists $full_path]} {
#             add_files -fileset constrs_1 $full_path
#         }
#     }
# }
# set_property top $TOP_MODULE [current_fileset]
# update_compile_order -fileset sources_1
# puts "Running Synthesis..."
Running Synthesis...
# launch_runs synth_1
WARNING: [Vivado 12-7122] Auto Incremental Compile:: No reference checkpoint was found in run synth_1. Auto-incremental flow will not be run, the standard flow will be run instead.
[Wed Apr 22 21:34:32 2026] Launched synth_1...
Run output will be captured here: G:/My Drive/0 - SUTD/Term 6/DSL/Project/verilog/FPGA-Vivado-Verilog-VS-code-Project-Template/build/cmod_a7_project.runs/synth_1/runme.log
# wait_on_run synth_1
[Wed Apr 22 21:34:32 2026] Waiting for synth_1 to finish...

*** Running vivado
    with args -log lfsr_nl_seed_uart.vds -m64 -product Vivado -mode batch -messageDb vivado.pb -notrace -source lfsr_nl_seed_uart.tcl



****** Vivado v2025.2 (64-bit)
  **** SW Build 6299465 on Fri Nov 14 19:35:11 GMT 2025
  **** IP Build 6300035 on Fri Nov 14 10:48:45 MST 2025
  **** SharedData Build 6298862 on Thu Nov 13 04:50:51 MST 2025
  **** Start of session at: Wed Apr 22 21:34:34 2026
    ** Copyright 1986-2022 Xilinx, Inc. All Rights Reserved.
    ** Copyright 2022-2025 Advanced Micro Devices, Inc. All Rights Reserved.

source lfsr_nl_seed_uart.tcl -notrace
create_project: Time (s): cpu = 00:00:10 ; elapsed = 00:00:06 . Memory (MB): peak = 657.977 ; gain = 217.320
Command: synth_design -top lfsr_nl_seed_uart -part xc7a35tcpg236-1
Starting synth_design
Attempting to get a license for feature 'Synthesis' and/or device 'xc7a35t'
INFO: [Common 17-349] Got license for feature 'Synthesis' and/or device 'xc7a35t'
INFO: [Device 21-403] Loading part xc7a35tcpg236-1
INFO: [Synth 8-7079] Multithreading enabled for synth_design using a maximum of 2 processes.
INFO: [Synth 8-7078] Launching helper process for spawning children vivado processes
INFO: [Synth 8-7075] Helper process launched with PID 13588
---------------------------------------------------------------------------------
Starting RTL Elaboration : Time (s): cpu = 00:00:05 ; elapsed = 00:00:06 . Memory (MB): peak = 1390.816 ; gain = 541.738
---------------------------------------------------------------------------------
INFO: [Synth 8-6157] synthesizing module 'lfsr_nl_seed_uart' [G:/My Drive/0 - SUTD/Term 6/DSL/Project/verilog/FPGA-Vivado-Verilog-VS-code-Project-Template/src/lfsr_nl_seed_uart.v:1]
INFO: [Synth 8-6157] synthesizing module 'uart_rx' [G:/My Drive/0 - SUTD/Term 6/DSL/Project/verilog/FPGA-Vivado-Verilog-VS-code-Project-Template/src/lfsr_nl_seed_uart.v:262]
	Parameter CLKS_PER_BIT bound to: 104 - type: integer 
INFO: [Synth 8-6155] done synthesizing module 'uart_rx' (0#1) [G:/My Drive/0 - SUTD/Term 6/DSL/Project/verilog/FPGA-Vivado-Verilog-VS-code-Project-Template/src/lfsr_nl_seed_uart.v:262]
INFO: [Synth 8-6157] synthesizing module 'uart_tx' [G:/My Drive/0 - SUTD/Term 6/DSL/Project/verilog/FPGA-Vivado-Verilog-VS-code-Project-Template/src/lfsr_nl_seed_uart.v:362]
	Parameter CLKS_PER_BIT bound to: 104 - type: integer 
INFO: [Synth 8-6155] done synthesizing module 'uart_tx' (0#1) [G:/My Drive/0 - SUTD/Term 6/DSL/Project/verilog/FPGA-Vivado-Verilog-VS-code-Project-Template/src/lfsr_nl_seed_uart.v:362]
INFO: [Synth 8-6157] synthesizing module 'XADC' [C:/AMDDesignTools/2025.2/Vivado/scripts/rt/data/unisim_comp.v:171125]
	Parameter INIT_40 bound to: 16'b1001000000000000 
	Parameter INIT_41 bound to: 16'b0010111011110000 
	Parameter INIT_42 bound to: 16'b0000010000000000 
	Parameter INIT_48 bound to: 16'b0000100000000000 
	Parameter INIT_49 bound to: 16'b0000000000000000 
INFO: [Synth 8-6155] done synthesizing module 'XADC' (0#1) [C:/AMDDesignTools/2025.2/Vivado/scripts/rt/data/unisim_comp.v:171125]
WARNING: [Synth 8-7071] port 'ALM' of module 'XADC' is unconnected for instance 'xadc_inst' [G:/My Drive/0 - SUTD/Term 6/DSL/Project/verilog/FPGA-Vivado-Verilog-VS-code-Project-Template/src/lfsr_nl_seed_uart.v:70]
WARNING: [Synth 8-7071] port 'BUSY' of module 'XADC' is unconnected for instance 'xadc_inst' [G:/My Drive/0 - SUTD/Term 6/DSL/Project/verilog/FPGA-Vivado-Verilog-VS-code-Project-Template/src/lfsr_nl_seed_uart.v:70]
WARNING: [Synth 8-7071] port 'CHANNEL' of module 'XADC' is unconnected for instance 'xadc_inst' [G:/My Drive/0 - SUTD/Term 6/DSL/Project/verilog/FPGA-Vivado-Verilog-VS-code-Project-Template/src/lfsr_nl_seed_uart.v:70]
WARNING: [Synth 8-7071] port 'EOS' of module 'XADC' is unconnected for instance 'xadc_inst' [G:/My Drive/0 - SUTD/Term 6/DSL/Project/verilog/FPGA-Vivado-Verilog-VS-code-Project-Template/src/lfsr_nl_seed_uart.v:70]
WARNING: [Synth 8-7071] port 'JTAGBUSY' of module 'XADC' is unconnected for instance 'xadc_inst' [G:/My Drive/0 - SUTD/Term 6/DSL/Project/verilog/FPGA-Vivado-Verilog-VS-code-Project-Template/src/lfsr_nl_seed_uart.v:70]
WARNING: [Synth 8-7071] port 'JTAGLOCKED' of module 'XADC' is unconnected for instance 'xadc_inst' [G:/My Drive/0 - SUTD/Term 6/DSL/Project/verilog/FPGA-Vivado-Verilog-VS-code-Project-Template/src/lfsr_nl_seed_uart.v:70]
WARNING: [Synth 8-7071] port 'JTAGMODIFIED' of module 'XADC' is unconnected for instance 'xadc_inst' [G:/My Drive/0 - SUTD/Term 6/DSL/Project/verilog/FPGA-Vivado-Verilog-VS-code-Project-Template/src/lfsr_nl_seed_uart.v:70]
WARNING: [Synth 8-7071] port 'MUXADDR' of module 'XADC' is unconnected for instance 'xadc_inst' [G:/My Drive/0 - SUTD/Term 6/DSL/Project/verilog/FPGA-Vivado-Verilog-VS-code-Project-Template/src/lfsr_nl_seed_uart.v:70]
WARNING: [Synth 8-7071] port 'OT' of module 'XADC' is unconnected for instance 'xadc_inst' [G:/My Drive/0 - SUTD/Term 6/DSL/Project/verilog/FPGA-Vivado-Verilog-VS-code-Project-Template/src/lfsr_nl_seed_uart.v:70]
WARNING: [Synth 8-7023] instance 'xadc_inst' of module 'XADC' has 24 connections declared, but only 15 given [G:/My Drive/0 - SUTD/Term 6/DSL/Project/verilog/FPGA-Vivado-Verilog-VS-code-Project-Template/src/lfsr_nl_seed_uart.v:70]
INFO: [Synth 8-6155] done synthesizing module 'lfsr_nl_seed_uart' (0#1) [G:/My Drive/0 - SUTD/Term 6/DSL/Project/verilog/FPGA-Vivado-Verilog-VS-code-Project-Template/src/lfsr_nl_seed_uart.v:1]
WARNING: [Synth 8-6014] Unused sequential element vn_valid_reg was removed.  [G:/My Drive/0 - SUTD/Term 6/DSL/Project/verilog/FPGA-Vivado-Verilog-VS-code-Project-Template/src/lfsr_nl_seed_uart.v:96]
WARNING: [Synth 8-6014] Unused sequential element pending_seed_reg was removed.  [G:/My Drive/0 - SUTD/Term 6/DSL/Project/verilog/FPGA-Vivado-Verilog-VS-code-Project-Template/src/lfsr_nl_seed_uart.v:185]
---------------------------------------------------------------------------------
Finished RTL Elaboration : Time (s): cpu = 00:00:07 ; elapsed = 00:00:08 . Memory (MB): peak = 1512.145 ; gain = 663.066
---------------------------------------------------------------------------------
---------------------------------------------------------------------------------
Start Handling Custom Attributes
---------------------------------------------------------------------------------
---------------------------------------------------------------------------------
Finished Handling Custom Attributes : Time (s): cpu = 00:00:07 ; elapsed = 00:00:08 . Memory (MB): peak = 1512.145 ; gain = 663.066
---------------------------------------------------------------------------------
---------------------------------------------------------------------------------
Finished RTL Optimization Phase 1 : Time (s): cpu = 00:00:07 ; elapsed = 00:00:08 . Memory (MB): peak = 1512.145 ; gain = 663.066
---------------------------------------------------------------------------------
Netlist sorting complete. Time (s): cpu = 00:00:00 ; elapsed = 00:00:00.004 . Memory (MB): peak = 1512.145 ; gain = 0.000
INFO: [Netlist 29-17] Analyzing 1 Unisim elements for replacement
INFO: [Netlist 29-28] Unisim Transformation completed in 0 CPU seconds
INFO: [Project 1-570] Preparing netlist for logic optimization

Processing XDC Constraints
Initializing timing engine
Parsing XDC File [G:/My Drive/0 - SUTD/Term 6/DSL/Project/verilog/FPGA-Vivado-Verilog-VS-code-Project-Template/constraints/lfsr_nl_seed.xdc]
Finished Parsing XDC File [G:/My Drive/0 - SUTD/Term 6/DSL/Project/verilog/FPGA-Vivado-Verilog-VS-code-Project-Template/constraints/lfsr_nl_seed.xdc]
INFO: [Project 1-236] Implementation specific constraints were found while reading constraint file [G:/My Drive/0 - SUTD/Term 6/DSL/Project/verilog/FPGA-Vivado-Verilog-VS-code-Project-Template/constraints/lfsr_nl_seed.xdc]. These constraints will be ignored for synthesis but will be used in implementation. Impacted constraints are listed in the file [.Xil/lfsr_nl_seed_uart_propImpl.xdc].
Resolution: To avoid this warning, move constraints listed in [.Xil/lfsr_nl_seed_uart_propImpl.xdc] to another XDC file and exclude this new file from synthesis with the used_in_synthesis property (File Properties dialog in GUI) and re-run elaboration/synthesis.
Completed Processing XDC Constraints

Netlist sorting complete. Time (s): cpu = 00:00:00 ; elapsed = 00:00:00 . Memory (MB): peak = 1566.941 ; gain = 0.000
INFO: [Project 1-111] Unisim Transformation Summary:
No Unisim elements were transformed.

Constraint Validation Runtime : Time (s): cpu = 00:00:00 ; elapsed = 00:00:00.016 . Memory (MB): peak = 1566.941 ; gain = 0.000
---------------------------------------------------------------------------------
Finished Constraint Validation : Time (s): cpu = 00:00:15 ; elapsed = 00:00:17 . Memory (MB): peak = 1566.941 ; gain = 717.863
---------------------------------------------------------------------------------
---------------------------------------------------------------------------------
Start Loading Part and Timing Information
---------------------------------------------------------------------------------
Loading part: xc7a35tcpg236-1
---------------------------------------------------------------------------------
Finished Loading Part and Timing Information : Time (s): cpu = 00:00:15 ; elapsed = 00:00:17 . Memory (MB): peak = 1566.941 ; gain = 717.863
---------------------------------------------------------------------------------
---------------------------------------------------------------------------------
Start Applying 'set_property' XDC Constraints
---------------------------------------------------------------------------------
---------------------------------------------------------------------------------
Finished applying 'set_property' XDC Constraints : Time (s): cpu = 00:00:15 ; elapsed = 00:00:17 . Memory (MB): peak = 1566.941 ; gain = 717.863
---------------------------------------------------------------------------------
INFO: [Synth 8-802] inferred FSM for state register 'state_reg' in module 'uart_rx'
INFO: [Synth 8-802] inferred FSM for state register 'state_reg' in module 'uart_tx'
INFO: [Synth 8-802] inferred FSM for state register 'state_reg' in module 'lfsr_nl_seed_uart'
---------------------------------------------------------------------------------------------------
                   State |                     New Encoding |                Previous Encoding 
---------------------------------------------------------------------------------------------------
                    IDLE |                            00001 |                              000
               START_BIT |                            00010 |                              001
               DATA_BITS |                            00100 |                              010
                STOP_BIT |                            01000 |                              011
                 CLEANUP |                            10000 |                              100
---------------------------------------------------------------------------------------------------
INFO: [Synth 8-3354] encoded FSM with state register 'state_reg' using encoding 'one-hot' in module 'uart_rx'
---------------------------------------------------------------------------------------------------
                   State |                     New Encoding |                Previous Encoding 
---------------------------------------------------------------------------------------------------
                    IDLE |                              000 |                              000
               START_BIT |                              001 |                              001
               DATA_BITS |                              010 |                              010
                STOP_BIT |                              011 |                              011
                 CLEANUP |                              100 |                              100
---------------------------------------------------------------------------------------------------
INFO: [Synth 8-3354] encoded FSM with state register 'state_reg' using encoding 'sequential' in module 'uart_tx'
---------------------------------------------------------------------------------------------------
                   State |                     New Encoding |                Previous Encoding 
---------------------------------------------------------------------------------------------------
                 ST_IDLE |                              000 |                              000
           ST_SEND_BYTE0 |                              001 |                              001
           ST_WAIT_BYTE0 |                              010 |                              010
           ST_SEND_BYTE1 |                              011 |                              011
           ST_WAIT_BYTE1 |                              100 |                              100
---------------------------------------------------------------------------------------------------
INFO: [Synth 8-3354] encoded FSM with state register 'state_reg' using encoding 'sequential' in module 'lfsr_nl_seed_uart'
---------------------------------------------------------------------------------
Finished RTL Optimization Phase 2 : Time (s): cpu = 00:00:15 ; elapsed = 00:00:18 . Memory (MB): peak = 1566.941 ; gain = 717.863
---------------------------------------------------------------------------------
---------------------------------------------------------------------------------
Start RTL Component Statistics 
---------------------------------------------------------------------------------
Detailed RTL Component Info : 
+---Adders : 
	   2 Input   16 Bit       Adders := 3     
	   2 Input    8 Bit       Adders := 1     
	   2 Input    7 Bit       Adders := 1     
	   2 Input    4 Bit       Adders := 1     
	   2 Input    3 Bit       Adders := 2     
+---XORs : 
	   2 Input     16 Bit         XORs := 3     
	   6 Input      1 Bit         XORs := 1     
+---Registers : 
	               16 Bit    Registers := 3     
	                8 Bit    Registers := 7     
	                4 Bit    Registers := 1     
	                3 Bit    Registers := 2     
	                1 Bit    Registers := 10    
+---Muxes : 
	   5 Input   16 Bit        Muxes := 2     
	   2 Input    8 Bit        Muxes := 2     
	   5 Input    8 Bit        Muxes := 2     
	   5 Input    5 Bit        Muxes := 1     
	   2 Input    5 Bit        Muxes := 1     
	   2 Input    3 Bit        Muxes := 2     
	   5 Input    3 Bit        Muxes := 4     
	   5 Input    1 Bit        Muxes := 16    
	   2 Input    1 Bit        Muxes := 5     
---------------------------------------------------------------------------------
Finished RTL Component Statistics 
---------------------------------------------------------------------------------
---------------------------------------------------------------------------------
Start Part Resource Summary
---------------------------------------------------------------------------------
Part Resources:
DSPs: 90 (col length:60)
BRAMs: 100 (col length: RAMB18 60 RAMB36 30)
---------------------------------------------------------------------------------
Finished Part Resource Summary
---------------------------------------------------------------------------------
---------------------------------------------------------------------------------
Start Cross Boundary and Area Optimization
---------------------------------------------------------------------------------
DSP Report: Generating DSP xor_mix_return2, operation Mode is: A*(B:0x9e37).
DSP Report: operator xor_mix_return2 is absorbed into DSP xor_mix_return2.
DSP Report: Generating DSP xor_mix_return0, operation Mode is: A*(B:0x8445).
DSP Report: operator xor_mix_return0 is absorbed into DSP xor_mix_return0.
---------------------------------------------------------------------------------
Finished Cross Boundary and Area Optimization : Time (s): cpu = 00:00:18 ; elapsed = 00:00:21 . Memory (MB): peak = 1582.934 ; gain = 733.855
---------------------------------------------------------------------------------
 Sort Area is  xor_mix_return0_2 : 0 0 : 821 821 : Used 1 time 0
 Sort Area is  xor_mix_return2_0 : 0 0 : 821 821 : Used 1 time 0
---------------------------------------------------------------------------------
Start ROM, RAM, DSP, Shift Register and Retiming Reporting
---------------------------------------------------------------------------------

DSP: Preliminary Mapping Report (see note below. The ' indicates corresponding REG is set)
+------------------+--------------+--------+--------+--------+--------+--------+------+------+------+------+-------+------+------+
|Module Name       | DSP Mapping  | A Size | B Size | C Size | D Size | P Size | AREG | BREG | CREG | DREG | ADREG | MREG | PREG | 
+------------------+--------------+--------+--------+--------+--------+--------+------+------+------+------+-------+------+------+
|lfsr_nl_seed_uart | A*(B:0x9e37) | 16     | 16     | -      | -      | 32     | 0    | 0    | -    | -    | -     | 0    | 0    | 
|lfsr_nl_seed_uart | A*(B:0x8445) | 16     | 16     | -      | -      | 32     | 0    | 0    | -    | -    | -     | 0    | 0    | 
+------------------+--------------+--------+--------+--------+--------+--------+------+------+------+------+-------+------+------+

Note: The table above is a preliminary report that shows the DSPs inferred at the current stage of the synthesis flow. Some DSP may be reimplemented as non DSP primitives later in the synthesis flow. Multiple instantiated DSPs are reported only once.
---------------------------------------------------------------------------------
Finished ROM, RAM, DSP, Shift Register and Retiming Reporting
---------------------------------------------------------------------------------
---------------------------------------------------------------------------------
Start Applying XDC Timing Constraints
---------------------------------------------------------------------------------
---------------------------------------------------------------------------------
Finished Applying XDC Timing Constraints : Time (s): cpu = 00:00:25 ; elapsed = 00:00:28 . Memory (MB): peak = 1762.301 ; gain = 913.223
---------------------------------------------------------------------------------
---------------------------------------------------------------------------------
Start Timing Optimization
---------------------------------------------------------------------------------
---------------------------------------------------------------------------------
Finished Timing Optimization : Time (s): cpu = 00:00:26 ; elapsed = 00:00:29 . Memory (MB): peak = 1798.430 ; gain = 949.352
---------------------------------------------------------------------------------
---------------------------------------------------------------------------------
Start Technology Mapping
---------------------------------------------------------------------------------
---------------------------------------------------------------------------------
Finished Technology Mapping : Time (s): cpu = 00:00:26 ; elapsed = 00:00:29 . Memory (MB): peak = 1798.430 ; gain = 949.352
---------------------------------------------------------------------------------
---------------------------------------------------------------------------------
Start IO Insertion
---------------------------------------------------------------------------------
---------------------------------------------------------------------------------
Start Flattening Before IO Insertion
---------------------------------------------------------------------------------
---------------------------------------------------------------------------------
Finished Flattening Before IO Insertion
---------------------------------------------------------------------------------
---------------------------------------------------------------------------------
Start Final Netlist Cleanup
---------------------------------------------------------------------------------
---------------------------------------------------------------------------------
Finished Final Netlist Cleanup
---------------------------------------------------------------------------------
---------------------------------------------------------------------------------
Finished IO Insertion : Time (s): cpu = 00:00:30 ; elapsed = 00:00:33 . Memory (MB): peak = 2024.766 ; gain = 1175.688
---------------------------------------------------------------------------------
---------------------------------------------------------------------------------
Start Renaming Generated Instances
---------------------------------------------------------------------------------
---------------------------------------------------------------------------------
Finished Renaming Generated Instances : Time (s): cpu = 00:00:30 ; elapsed = 00:00:33 . Memory (MB): peak = 2024.766 ; gain = 1175.688
---------------------------------------------------------------------------------
---------------------------------------------------------------------------------
Start Rebuilding User Hierarchy
---------------------------------------------------------------------------------
---------------------------------------------------------------------------------
Finished Rebuilding User Hierarchy : Time (s): cpu = 00:00:30 ; elapsed = 00:00:33 . Memory (MB): peak = 2024.766 ; gain = 1175.688
---------------------------------------------------------------------------------
---------------------------------------------------------------------------------
Start Renaming Generated Ports
---------------------------------------------------------------------------------
---------------------------------------------------------------------------------
Finished Renaming Generated Ports : Time (s): cpu = 00:00:30 ; elapsed = 00:00:33 . Memory (MB): peak = 2024.766 ; gain = 1175.688
---------------------------------------------------------------------------------
---------------------------------------------------------------------------------
Start Handling Custom Attributes
---------------------------------------------------------------------------------
---------------------------------------------------------------------------------
Finished Handling Custom Attributes : Time (s): cpu = 00:00:30 ; elapsed = 00:00:33 . Memory (MB): peak = 2024.766 ; gain = 1175.688
---------------------------------------------------------------------------------
---------------------------------------------------------------------------------
Start Renaming Generated Nets
---------------------------------------------------------------------------------
---------------------------------------------------------------------------------
Finished Renaming Generated Nets : Time (s): cpu = 00:00:30 ; elapsed = 00:00:33 . Memory (MB): peak = 2024.766 ; gain = 1175.688
---------------------------------------------------------------------------------
---------------------------------------------------------------------------------
Start Writing Synthesis Report
---------------------------------------------------------------------------------

DSP Final Report (the ' indicates corresponding REG is set)
+------------------+-------------+--------+--------+--------+--------+--------+------+------+------+------+-------+------+------+
|Module Name       | DSP Mapping | A Size | B Size | C Size | D Size | P Size | AREG | BREG | CREG | DREG | ADREG | MREG | PREG | 
+------------------+-------------+--------+--------+--------+--------+--------+------+------+------+------+-------+------+------+
|lfsr_nl_seed_uart | A*B         | 16     | 16     | -      | -      | 32     | 0    | 0    | -    | -    | -     | 0    | 0    | 
|lfsr_nl_seed_uart | A*B         | 16     | 16     | -      | -      | 32     | 0    | 0    | -    | -    | -     | 0    | 0    | 
+------------------+-------------+--------+--------+--------+--------+--------+------+------+------+------+-------+------+------+


Report BlackBoxes: 
+-+--------------+----------+
| |BlackBox name |Instances |
+-+--------------+----------+
+-+--------------+----------+

Report Cell Usage: 
+------+--------+------+
|      |Cell    |Count |
+------+--------+------+
|1     |BUFG    |     1|
|2     |CARRY4  |    16|
|3     |DSP48E1 |     2|
|4     |LUT1    |    19|
|5     |LUT2    |    35|
|6     |LUT3    |    21|
|7     |LUT4    |    49|
|8     |LUT5    |    31|
|9     |LUT6    |    45|
|10    |XADC    |     1|
|11    |FDRE    |   123|
|12    |FDSE    |    19|
|13    |IBUF    |     2|
|14    |OBUF    |     3|
+------+--------+------+
---------------------------------------------------------------------------------
Finished Writing Synthesis Report : Time (s): cpu = 00:00:30 ; elapsed = 00:00:33 . Memory (MB): peak = 2024.766 ; gain = 1175.688
---------------------------------------------------------------------------------
Synthesis finished with 0 errors, 0 critical warnings and 0 warnings.
Synthesis Optimization Runtime : Time (s): cpu = 00:00:21 ; elapsed = 00:00:31 . Memory (MB): peak = 2024.766 ; gain = 1120.891
Synthesis Optimization Complete : Time (s): cpu = 00:00:30 ; elapsed = 00:00:34 . Memory (MB): peak = 2024.766 ; gain = 1175.688
INFO: [Project 1-571] Translating synthesized netlist
Netlist sorting complete. Time (s): cpu = 00:00:00 ; elapsed = 00:00:00.004 . Memory (MB): peak = 2024.766 ; gain = 0.000
INFO: [Netlist 29-17] Analyzing 19 Unisim elements for replacement
INFO: [Netlist 29-28] Unisim Transformation completed in 0 CPU seconds
INFO: [Project 1-570] Preparing netlist for logic optimization
INFO: [Opt 31-138] Pushed 0 inverter(s) to 0 load pin(s).
Netlist sorting complete. Time (s): cpu = 00:00:00 ; elapsed = 00:00:00 . Memory (MB): peak = 2040.363 ; gain = 0.000
INFO: [Project 1-111] Unisim Transformation Summary:
No Unisim elements were transformed.

Synth Design complete | Checksum: 7c49b700
INFO: [Common 17-83] Releasing license: Synthesis
31 Infos, 12 Warnings, 0 Critical Warnings and 0 Errors encountered.
synth_design completed successfully
synth_design: Time (s): cpu = 00:00:33 ; elapsed = 00:00:50 . Memory (MB): peak = 2040.363 ; gain = 1382.387
Write ShapeDB Complete: Time (s): cpu = 00:00:00 ; elapsed = 00:00:00.012 . Memory (MB): peak = 2040.363 ; gain = 0.000
INFO: [Common 17-1381] The checkpoint 'G:/My Drive/0 - SUTD/Term 6/DSL/Project/verilog/FPGA-Vivado-Verilog-VS-code-Project-Template/build/cmod_a7_project.runs/synth_1/lfsr_nl_seed_uart.dcp' has been generated.
INFO: [Vivado 12-24828] Executing command : report_utilization -file lfsr_nl_seed_uart_utilization_synth.rpt -pb lfsr_nl_seed_uart_utilization_synth.pb
INFO: [Common 17-206] Exiting Vivado at Wed Apr 22 21:35:36 2026...
[Wed Apr 22 21:35:39 2026] synth_1 finished
wait_on_runs: Time (s): cpu = 00:00:00 ; elapsed = 00:01:06 . Memory (MB): peak = 671.012 ; gain = 0.000
# open_run synth_1
Design is defaulting to impl run constrset: constrs_1
Design is defaulting to synth run part: xc7a35tcpg236-1
INFO: [Device 21-403] Loading part xc7a35tcpg236-1
INFO: [Project 1-5699] Read binary netlist with skipMacroContent - 1
Netlist sorting complete. Time (s): cpu = 00:00:00 ; elapsed = 00:00:00.003 . Memory (MB): peak = 873.051 ; gain = 0.000
INFO: [Netlist 29-17] Analyzing 19 Unisim elements for replacement
INFO: [Netlist 29-28] Unisim Transformation completed in 0 CPU seconds
INFO: [Project 1-479] Netlist was created with Vivado 2025.2
INFO: [Project 1-570] Preparing netlist for logic optimization
Parsing XDC File [G:/My Drive/0 - SUTD/Term 6/DSL/Project/verilog/FPGA-Vivado-Verilog-VS-code-Project-Template/constraints/lfsr_nl_seed.xdc]
Finished Parsing XDC File [G:/My Drive/0 - SUTD/Term 6/DSL/Project/verilog/FPGA-Vivado-Verilog-VS-code-Project-Template/constraints/lfsr_nl_seed.xdc]
INFO: [Opt 31-138] Pushed 0 inverter(s) to 0 load pin(s).
Netlist sorting complete. Time (s): cpu = 00:00:00 ; elapsed = 00:00:00.001 . Memory (MB): peak = 1019.371 ; gain = 0.000
INFO: [Project 1-111] Unisim Transformation Summary:
No Unisim elements were transformed.

# if {[get_property PROGRESS [get_runs synth_1]] != "100%"} {
#     puts "ERROR: Synthesis failed!"
#     exit 1
# }
# puts "Synthesis completed successfully"
Synthesis completed successfully
# puts "Running Implementation..."
Running Implementation...
# launch_runs impl_1 -to_step write_bitstream
Wrote PlaceDB: Time (s): cpu = 00:00:00 ; elapsed = 00:00:00 . Memory (MB): peak = 1030.332 ; gain = 0.000
INFO: [Timing 38-480] Writing timing data to binary archive.
Write ShapeDB Complete: Time (s): cpu = 00:00:00 ; elapsed = 00:00:00.025 . Memory (MB): peak = 1030.332 ; gain = 10.961
Wrote PulsedLatchDB: Time (s): cpu = 00:00:00 ; elapsed = 00:00:00.001 . Memory (MB): peak = 1030.332 ; gain = 0.000
Writing XDEF routing.
Writing XDEF routing logical nets.
Writing XDEF routing special nets.
Wrote RouteStorage: Time (s): cpu = 00:00:00 ; elapsed = 00:00:00.025 . Memory (MB): peak = 1030.332 ; gain = 0.000
Wrote PlaceStorage: Time (s): cpu = 00:00:00 ; elapsed = 00:00:00 . Memory (MB): peak = 1030.332 ; gain = 0.000
Wrote Netlist Cache: Time (s): cpu = 00:00:00 ; elapsed = 00:00:00 . Memory (MB): peak = 1030.332 ; gain = 0.000
Wrote Device Cache: Time (s): cpu = 00:00:00 ; elapsed = 00:00:00.024 . Memory (MB): peak = 1030.332 ; gain = 0.000
Write Physdb Complete: Time (s): cpu = 00:00:00 ; elapsed = 00:00:00.155 . Memory (MB): peak = 1030.332 ; gain = 10.938
[Wed Apr 22 21:35:45 2026] Launched impl_1...
Run output will be captured here: G:/My Drive/0 - SUTD/Term 6/DSL/Project/verilog/FPGA-Vivado-Verilog-VS-code-Project-Template/build/cmod_a7_project.runs/impl_1/runme.log
# wait_on_run impl_1
[Wed Apr 22 21:35:45 2026] Waiting for impl_1 to finish...

*** Running vivado
    with args -log lfsr_nl_seed_uart.vdi -applog -m64 -product Vivado -messageDb vivado.pb -mode batch -source lfsr_nl_seed_uart.tcl -notrace



****** Vivado v2025.2 (64-bit)
  **** SW Build 6299465 on Fri Nov 14 19:35:11 GMT 2025
  **** IP Build 6300035 on Fri Nov 14 10:48:45 MST 2025
  **** SharedData Build 6298862 on Thu Nov 13 04:50:51 MST 2025
  **** Start of session at: Wed Apr 22 21:35:51 2026
    ** Copyright 1986-2022 Xilinx, Inc. All Rights Reserved.
    ** Copyright 2022-2025 Advanced Micro Devices, Inc. All Rights Reserved.

source lfsr_nl_seed_uart.tcl -notrace
Command: open_checkpoint {G:/My Drive/0 - SUTD/Term 6/DSL/Project/verilog/FPGA-Vivado-Verilog-VS-code-Project-Template/build/cmod_a7_project.runs/impl_1/lfsr_nl_seed_uart.dcp}
INFO: [Device 21-403] Loading part xc7a35tcpg236-1
Netlist sorting complete. Time (s): cpu = 00:00:00 ; elapsed = 00:00:00.003 . Memory (MB): peak = 871.402 ; gain = 0.000
INFO: [Netlist 29-17] Analyzing 19 Unisim elements for replacement
INFO: [Netlist 29-28] Unisim Transformation completed in 0 CPU seconds
INFO: [Project 1-479] Netlist was created with Vivado 2025.2
INFO: [Project 1-570] Preparing netlist for logic optimization
Read ShapeDB Complete: Time (s): cpu = 00:00:00 ; elapsed = 00:00:00.026 . Memory (MB): peak = 963.734 ; gain = 0.000
INFO: [Timing 38-478] Restoring timing data from binary archive.
INFO: [Timing 38-479] Binary timing data restore complete.
INFO: [Project 1-856] Restoring constraints from binary archive.
INFO: [Project 1-853] Binary constraint restore complete.
INFO: [Designutils 20-5722] Start Reading Physical Databases.
Reading placement.
Read Netlist Cache: Time (s): cpu = 00:00:00 ; elapsed = 00:00:00 . Memory (MB): peak = 1474.926 ; gain = 0.000
Reading placer database...
Read Device Cache: Time (s): cpu = 00:00:00 ; elapsed = 00:00:00.007 . Memory (MB): peak = 1474.926 ; gain = 0.000
Read PlaceDB: Time (s): cpu = 00:00:00 ; elapsed = 00:00:00 . Memory (MB): peak = 1474.926 ; gain = 0.000
Read placeStorage: Time (s): cpu = 00:00:00 ; elapsed = 00:00:00 . Memory (MB): peak = 1474.926 ; gain = 0.000
Read PulsedLatchDB: Time (s): cpu = 00:00:00 ; elapsed = 00:00:00 . Memory (MB): peak = 1474.926 ; gain = 0.000
Reading routing.
Read RouteStorage: Time (s): cpu = 00:00:00 ; elapsed = 00:00:00.006 . Memory (MB): peak = 1474.926 ; gain = 0.000
Read Physdb Files: Time (s): cpu = 00:00:00 ; elapsed = 00:00:00.195 . Memory (MB): peak = 1474.926 ; gain = 0.000
Restored from archive | CPU: 0.000000 secs | Memory: 0.000000 MB |
Finished XDEF File Restore: Time (s): cpu = 00:00:00 ; elapsed = 00:00:00.245 . Memory (MB): peak = 1474.926 ; gain = 2.367
Netlist sorting complete. Time (s): cpu = 00:00:00 ; elapsed = 00:00:00.001 . Memory (MB): peak = 1474.926 ; gain = 0.000
INFO: [Project 1-111] Unisim Transformation Summary:
No Unisim elements were transformed.

INFO: [Project 1-604] Checkpoint was created with Vivado v2025.2 (64-bit) build 6299465
open_checkpoint: Time (s): cpu = 00:00:17 ; elapsed = 00:00:16 . Memory (MB): peak = 1474.926 ; gain = 1036.375
Command: opt_design
Attempting to get a license for feature 'Implementation' and/or device 'xc7a35t'
INFO: [Common 17-349] Got license for feature 'Implementation' and/or device 'xc7a35t'
Running DRC as a precondition to command opt_design

Starting DRC Task
INFO: [DRC 23-27] Running DRC with 2 threads
INFO: [Project 1-461] DRC finished with 0 Errors
INFO: [Project 1-462] Please refer to the DRC report (report_drc) for more information.

Time (s): cpu = 00:00:01 ; elapsed = 00:00:00.804 . Memory (MB): peak = 1505.668 ; gain = 30.742

Starting Cache Timing Information Task
INFO: [Timing 38-35] Done setting XDC timing constraints.
Ending Cache Timing Information Task | Checksum: 1824a30dd

Time (s): cpu = 00:00:00 ; elapsed = 00:00:00.049 . Memory (MB): peak = 1520.988 ; gain = 15.320

Starting Logic Optimization Task

Phase 1 Initialization

Phase 1.1 Core Generation And Design Setup
Phase 1.1 Core Generation And Design Setup | Checksum: 1824a30dd

Time (s): cpu = 00:00:00 ; elapsed = 00:00:00.006 . Memory (MB): peak = 1971.738 ; gain = 0.000

Phase 1.2 Setup Constraints And Sort Netlist
Phase 1.2 Setup Constraints And Sort Netlist | Checksum: 1824a30dd

Time (s): cpu = 00:00:00 ; elapsed = 00:00:00.010 . Memory (MB): peak = 1971.738 ; gain = 0.000
Phase 1 Initialization | Checksum: 1824a30dd

Time (s): cpu = 00:00:00 ; elapsed = 00:00:00.011 . Memory (MB): peak = 1971.738 ; gain = 0.000

Phase 2 Timer Update And Timing Data Collection

Phase 2.1 Detect if minReqCache needed
Phase 2.1 Detect if minReqCache needed | Checksum: 1824a30dd

Time (s): cpu = 00:00:00 ; elapsed = 00:00:00.027 . Memory (MB): peak = 1971.738 ; gain = 0.000

Phase 2.2 Timer Update
Phase 2.2 Timer Update | Checksum: 1824a30dd

Time (s): cpu = 00:00:00 ; elapsed = 00:00:00.049 . Memory (MB): peak = 1971.738 ; gain = 0.000

Phase 2.3 Timing Data Collection
Phase 2.3 Timing Data Collection | Checksum: 1824a30dd

Time (s): cpu = 00:00:00 ; elapsed = 00:00:00.052 . Memory (MB): peak = 1971.738 ; gain = 0.000
Phase 2 Timer Update And Timing Data Collection | Checksum: 1824a30dd

Time (s): cpu = 00:00:00 ; elapsed = 00:00:00.053 . Memory (MB): peak = 1971.738 ; gain = 0.000

Phase 3 Retarget
INFO: [Opt 31-1851] Number of loadless carry chains removed were: 0
INFO: [Opt 31-1834] Total Chains To Be Transformed Were: 0 AND Number of Transformed insts Created are: 0
INFO: [Opt 31-138] Pushed 0 inverter(s) to 0 load pin(s).
INFO: [Opt 31-49] Retargeted 0 cell(s).
Phase 3 Retarget | Checksum: 1824a30dd

Time (s): cpu = 00:00:00 ; elapsed = 00:00:00.103 . Memory (MB): peak = 1971.738 ; gain = 0.000
Retarget | Checksum: 1824a30dd
INFO: [Opt 31-389] Phase Retarget created 0 cells and removed 0 cells

Phase 4 Constant propagation
INFO: [Opt 31-138] Pushed 0 inverter(s) to 0 load pin(s).
Phase 4 Constant propagation | Checksum: 1824a30dd

Time (s): cpu = 00:00:00 ; elapsed = 00:00:00.113 . Memory (MB): peak = 1971.738 ; gain = 0.000
Constant propagation | Checksum: 1824a30dd
INFO: [Opt 31-389] Phase Constant propagation created 0 cells and removed 0 cells

Phase 5 Sweep
INFO: [Constraints 18-11670] Building netlist checker database with flags, 0x8
Done building netlist checker database: Time (s): cpu = 00:00:00 ; elapsed = 00:00:00 . Memory (MB): peak = 1971.738 ; gain = 0.000
Phase 5 Sweep | Checksum: 181c4a37f

Time (s): cpu = 00:00:00 ; elapsed = 00:00:00.127 . Memory (MB): peak = 1971.738 ; gain = 0.000
Sweep | Checksum: 181c4a37f
INFO: [Opt 31-389] Phase Sweep created 0 cells and removed 0 cells

Phase 6 BUFG optimization
Phase 6 BUFG optimization | Checksum: 181c4a37f

Time (s): cpu = 00:00:00 ; elapsed = 00:00:00.142 . Memory (MB): peak = 1971.738 ; gain = 0.000
BUFG optimization | Checksum: 181c4a37f
INFO: [Opt 31-662] Phase BUFG optimization created 0 cells of which 0 are BUFGs and removed 0 cells.

Phase 7 Shift Register Optimization
INFO: [Opt 31-1064] SRL Remap converted 0 SRLs to 0 registers and converted 0 registers of register chains to 0 SRLs
Phase 7 Shift Register Optimization | Checksum: 181c4a37f

Time (s): cpu = 00:00:00 ; elapsed = 00:00:00.148 . Memory (MB): peak = 1971.738 ; gain = 0.000
Shift Register Optimization | Checksum: 181c4a37f
INFO: [Opt 31-389] Phase Shift Register Optimization created 0 cells and removed 0 cells

Phase 8 Post Processing Netlist
Phase 8 Post Processing Netlist | Checksum: 181c4a37f

Time (s): cpu = 00:00:00 ; elapsed = 00:00:00.152 . Memory (MB): peak = 1971.738 ; gain = 0.000
Post Processing Netlist | Checksum: 181c4a37f
INFO: [Opt 31-389] Phase Post Processing Netlist created 0 cells and removed 0 cells

Phase 9 Finalization

Phase 9.1 Finalizing Design Cores and Updating Shapes
Phase 9.1 Finalizing Design Cores and Updating Shapes | Checksum: 20ece2b3b

Time (s): cpu = 00:00:00 ; elapsed = 00:00:00.166 . Memory (MB): peak = 1971.738 ; gain = 0.000

Phase 9.2 Verifying Netlist Connectivity

Starting Connectivity Check Task

Time (s): cpu = 00:00:00 ; elapsed = 00:00:00.006 . Memory (MB): peak = 1971.738 ; gain = 0.000
Phase 9.2 Verifying Netlist Connectivity | Checksum: 20ece2b3b

Time (s): cpu = 00:00:00 ; elapsed = 00:00:00.175 . Memory (MB): peak = 1971.738 ; gain = 0.000
Phase 9 Finalization | Checksum: 20ece2b3b

Time (s): cpu = 00:00:00 ; elapsed = 00:00:00.176 . Memory (MB): peak = 1971.738 ; gain = 0.000
Opt_design Change Summary
=========================


-------------------------------------------------------------------------------------------------------------------------
|  Phase                        |  #Cells created  |  #Cells Removed  |  #Constrained objects preventing optimizations  |
-------------------------------------------------------------------------------------------------------------------------
|  Retarget                     |               0  |               0  |                                              0  |
|  Constant propagation         |               0  |               0  |                                              0  |
|  Sweep                        |               0  |               0  |                                              0  |
|  BUFG optimization            |               0  |               0  |                                              0  |
|  Shift Register Optimization  |               0  |               0  |                                              0  |
|  Post Processing Netlist      |               0  |               0  |                                              0  |
-------------------------------------------------------------------------------------------------------------------------


Ending Logic Optimization Task | Checksum: 20ece2b3b

Time (s): cpu = 00:00:00 ; elapsed = 00:00:00.182 . Memory (MB): peak = 1971.738 ; gain = 0.000

Starting Power Optimization Task
INFO: [Pwropt 34-132] Skipping clock gating for clocks with a period < 2.00 ns.
Ending Power Optimization Task | Checksum: 20ece2b3b

Time (s): cpu = 00:00:00 ; elapsed = 00:00:00.027 . Memory (MB): peak = 1971.738 ; gain = 0.000

Starting Final Cleanup Task
Ending Final Cleanup Task | Checksum: 20ece2b3b

Time (s): cpu = 00:00:00 ; elapsed = 00:00:00.002 . Memory (MB): peak = 1971.738 ; gain = 0.000
Netlist sorting complete. Time (s): cpu = 00:00:00 ; elapsed = 00:00:00 . Memory (MB): peak = 1971.738 ; gain = 0.000
INFO: [Common 17-83] Releasing license: Implementation
32 Infos, 0 Warnings, 0 Critical Warnings and 0 Errors encountered.
opt_design completed successfully
INFO: [Vivado 12-24828] Executing command : report_drc -file lfsr_nl_seed_uart_drc_opted.rpt -pb lfsr_nl_seed_uart_drc_opted.pb -rpx lfsr_nl_seed_uart_drc_opted.rpx
Command: report_drc -file lfsr_nl_seed_uart_drc_opted.rpt -pb lfsr_nl_seed_uart_drc_opted.pb -rpx lfsr_nl_seed_uart_drc_opted.rpx
INFO: [IP_Flow 19-234] Refreshing IP repositories
INFO: [IP_Flow 19-1704] No user IP repositories specified
INFO: [IP_Flow 19-2313] Loaded Vivado IP repository 'C:/AMDDesignTools/2025.2/Vivado/data/ip'.
INFO: [DRC 23-27] Running DRC with 2 threads
INFO: [Vivado_Tcl 2-168] The results of DRC are in file G:/My Drive/0 - SUTD/Term 6/DSL/Project/verilog/FPGA-Vivado-Verilog-VS-code-Project-Template/build/cmod_a7_project.runs/impl_1/lfsr_nl_seed_uart_drc_opted.rpt.
report_drc completed successfully
report_drc: Time (s): cpu = 00:00:10 ; elapsed = 00:00:10 . Memory (MB): peak = 1971.738 ; gain = 0.000
generate_parallel_reports: Time (s): cpu = 00:00:10 ; elapsed = 00:00:10 . Memory (MB): peak = 1971.738 ; gain = 0.000
INFO: [Timing 38-480] Writing timing data to binary archive.
Wrote PlaceDB: Time (s): cpu = 00:00:00 ; elapsed = 00:00:00 . Memory (MB): peak = 1971.738 ; gain = 0.000
Write ShapeDB Complete: Time (s): cpu = 00:00:00 ; elapsed = 00:00:00.028 . Memory (MB): peak = 1971.738 ; gain = 0.000
Wrote PulsedLatchDB: Time (s): cpu = 00:00:00 ; elapsed = 00:00:00 . Memory (MB): peak = 1971.738 ; gain = 0.000
Writing XDEF routing.
Writing XDEF routing logical nets.
Writing XDEF routing special nets.
Wrote RouteStorage: Time (s): cpu = 00:00:00 ; elapsed = 00:00:00.025 . Memory (MB): peak = 1971.738 ; gain = 0.000
Wrote PlaceStorage: Time (s): cpu = 00:00:00 ; elapsed = 00:00:00 . Memory (MB): peak = 1971.738 ; gain = 0.000
Wrote Netlist Cache: Time (s): cpu = 00:00:00 ; elapsed = 00:00:00 . Memory (MB): peak = 1971.738 ; gain = 0.000
Wrote Device Cache: Time (s): cpu = 00:00:00 ; elapsed = 00:00:00.023 . Memory (MB): peak = 1971.738 ; gain = 0.000
Write Physdb Complete: Time (s): cpu = 00:00:00 ; elapsed = 00:00:00.145 . Memory (MB): peak = 1971.738 ; gain = 0.000
INFO: [Common 17-1381] The checkpoint 'G:/My Drive/0 - SUTD/Term 6/DSL/Project/verilog/FPGA-Vivado-Verilog-VS-code-Project-Template/build/cmod_a7_project.runs/impl_1/lfsr_nl_seed_uart_opt.dcp' has been generated.
Command: place_design
Attempting to get a license for feature 'Implementation' and/or device 'xc7a35t'
INFO: [Common 17-349] Got license for feature 'Implementation' and/or device 'xc7a35t'
INFO: [Common 17-83] Releasing license: Implementation
INFO: [DRC 23-27] Running DRC with 2 threads
INFO: [Vivado_Tcl 4-198] DRC finished with 0 Errors
INFO: [Vivado_Tcl 4-199] Please refer to the DRC report (report_drc) for more information.
INFO: [Timing 38-35] Done setting XDC timing constraints.
Running DRC as a precondition to command place_design
INFO: [DRC 23-27] Running DRC with 2 threads
INFO: [Vivado_Tcl 4-198] DRC finished with 0 Errors
INFO: [Vivado_Tcl 4-199] Please refer to the DRC report (report_drc) for more information.
INFO: [Place 30-611] Multithreading enabled for place_design using a maximum of 2 CPUs

Starting Placer Task

Phase 1 Placer Initialization

Phase 1.1 Placer Initialization Netlist Sorting
Netlist sorting complete. Time (s): cpu = 00:00:00 ; elapsed = 00:00:00 . Memory (MB): peak = 1971.738 ; gain = 0.000
Phase 1.1 Placer Initialization Netlist Sorting | Checksum: 116cedb84

Time (s): cpu = 00:00:00 ; elapsed = 00:00:00.011 . Memory (MB): peak = 1971.738 ; gain = 0.000
Netlist sorting complete. Time (s): cpu = 00:00:00 ; elapsed = 00:00:00 . Memory (MB): peak = 1971.738 ; gain = 0.000

Phase 1.2 IO Placement/ Clock Placement/ Build Placer Device
Phase 1.2 IO Placement/ Clock Placement/ Build Placer Device | Checksum: 175d46b11

Time (s): cpu = 00:00:00 ; elapsed = 00:00:00.271 . Memory (MB): peak = 1971.738 ; gain = 0.000

Phase 1.3 Build Placer Netlist Model
Phase 1.3 Build Placer Netlist Model | Checksum: 275d1af13

Time (s): cpu = 00:00:00 ; elapsed = 00:00:00.481 . Memory (MB): peak = 1971.738 ; gain = 0.000

Phase 1.4 Constrain Clocks/Macros
Phase 1.4 Constrain Clocks/Macros | Checksum: 275d1af13

Time (s): cpu = 00:00:01 ; elapsed = 00:00:00.487 . Memory (MB): peak = 1971.738 ; gain = 0.000
Phase 1 Placer Initialization | Checksum: 275d1af13

Time (s): cpu = 00:00:01 ; elapsed = 00:00:00.499 . Memory (MB): peak = 1971.738 ; gain = 0.000

Phase 2 Global Placement

Phase 2.1 Floorplanning
Phase 2.1 Floorplanning | Checksum: 1aa732e5c

Time (s): cpu = 00:00:01 ; elapsed = 00:00:00.582 . Memory (MB): peak = 1971.738 ; gain = 0.000

Phase 2.2 Update Timing before SLR Path Opt
Phase 2.2 Update Timing before SLR Path Opt | Checksum: 24b1dcb99

Time (s): cpu = 00:00:01 ; elapsed = 00:00:00.643 . Memory (MB): peak = 1971.738 ; gain = 0.000

Phase 2.3 Post-Processing in Floorplanning
Phase 2.3 Post-Processing in Floorplanning | Checksum: 24b1dcb99

Time (s): cpu = 00:00:01 ; elapsed = 00:00:00.649 . Memory (MB): peak = 1971.738 ; gain = 0.000

Phase 2.4 Global Place Phase1
Phase 2.4 Global Place Phase1 | Checksum: 1d64b23c1

Time (s): cpu = 00:00:02 ; elapsed = 00:00:01 . Memory (MB): peak = 1971.738 ; gain = 0.000

Phase 2.5 Global Place Phase2

Phase 2.5.1 UpdateTiming Before Physical Synthesis
Phase 2.5.1 UpdateTiming Before Physical Synthesis | Checksum: 1d64b23c1

Time (s): cpu = 00:00:02 ; elapsed = 00:00:01 . Memory (MB): peak = 1971.738 ; gain = 0.000

Phase 2.5.2 Physical Synthesis In Placer
INFO: [Physopt 32-1035] Found 0 LUTNM shape to break, 6 LUT instances to create LUTNM shape
INFO: [Physopt 32-1044] Break lutnm for timing: one critical 0, two critical 0, total 0, new lutff created 0
INFO: [Physopt 32-1138] End 1 Pass. Optimized 3 nets or LUTs. Breaked 0 LUT, combined 3 existing LUTs and moved 0 existing LUT
INFO: [Physopt 32-65] No nets found for high-fanout optimization.
INFO: [Physopt 32-232] Optimized 0 net. Created 0 new instance.
INFO: [Physopt 32-775] End 1 Pass. Optimized 0 net or cell. Created 0 new cell, deleted 0 existing cell and moved 0 existing cell
INFO: [Physopt 32-670] No setup violation found.  DSP Register Optimization was not performed.
INFO: [Physopt 32-670] No setup violation found.  Shift Register to Pipeline Optimization was not performed.
INFO: [Physopt 32-670] No setup violation found.  Shift Register Optimization was not performed.
INFO: [Physopt 32-670] No setup violation found.  BRAM Register Optimization was not performed.
INFO: [Physopt 32-670] No setup violation found.  URAM Register Optimization was not performed.
INFO: [Physopt 32-949] No candidate nets found for dynamic/static region interface net replication
INFO: [Physopt 32-775] End 1 Pass. Optimized 0 net or cell. Created 0 new cell, deleted 0 existing cell and moved 0 existing cell
Netlist sorting complete. Time (s): cpu = 00:00:00 ; elapsed = 00:00:00.001 . Memory (MB): peak = 1971.738 ; gain = 0.000

Summary of Physical Synthesis Optimizations
============================================


-----------------------------------------------------------------------------------------------------------------------------------------------------------
|  Optimization                                     |  Added Cells  |  Removed Cells  |  Optimized Cells/Nets  |  Dont Touch  |  Iterations  |  Elapsed   |
-----------------------------------------------------------------------------------------------------------------------------------------------------------
|  LUT Combining                                    |            0  |              3  |                     3  |           0  |           1  |  00:00:00  |
|  Retime                                           |            0  |              0  |                     0  |           0  |           1  |  00:00:00  |
|  Very High Fanout                                 |            0  |              0  |                     0  |           0  |           1  |  00:00:00  |
|  DSP Register                                     |            0  |              0  |                     0  |           0  |           0  |  00:00:00  |
|  Shift Register to Pipeline                       |            0  |              0  |                     0  |           0  |           0  |  00:00:00  |
|  Shift Register                                   |            0  |              0  |                     0  |           0  |           0  |  00:00:00  |
|  BRAM Register                                    |            0  |              0  |                     0  |           0  |           0  |  00:00:00  |
|  URAM Register                                    |            0  |              0  |                     0  |           0  |           0  |  00:00:00  |
|  Dynamic/Static Region Interface Net Replication  |            0  |              0  |                     0  |           0  |           1  |  00:00:00  |
|  Total                                            |            0  |              3  |                     3  |           0  |           4  |  00:00:00  |
-----------------------------------------------------------------------------------------------------------------------------------------------------------


Phase 2.5.2 Physical Synthesis In Placer | Checksum: 228abe03f

Time (s): cpu = 00:00:02 ; elapsed = 00:00:01 . Memory (MB): peak = 1971.738 ; gain = 0.000
Phase 2.5 Global Place Phase2 | Checksum: 255d1680a

Time (s): cpu = 00:00:02 ; elapsed = 00:00:01 . Memory (MB): peak = 1971.738 ; gain = 0.000
Phase 2 Global Placement | Checksum: 255d1680a

Time (s): cpu = 00:00:02 ; elapsed = 00:00:01 . Memory (MB): peak = 1971.738 ; gain = 0.000

Phase 3 Detail Placement

Phase 3.1 Commit Multi Column Macros
Phase 3.1 Commit Multi Column Macros | Checksum: 25f137c8a

Time (s): cpu = 00:00:02 ; elapsed = 00:00:02 . Memory (MB): peak = 1971.738 ; gain = 0.000

Phase 3.2 Commit Most Macros & LUTRAMs
Phase 3.2 Commit Most Macros & LUTRAMs | Checksum: 1d66ba9fe

Time (s): cpu = 00:00:02 ; elapsed = 00:00:02 . Memory (MB): peak = 1971.738 ; gain = 0.000

Phase 3.3 Area Swap Optimization
Phase 3.3 Area Swap Optimization | Checksum: 229ea1eb1

Time (s): cpu = 00:00:02 ; elapsed = 00:00:02 . Memory (MB): peak = 1971.738 ; gain = 0.000

Phase 3.4 Pipeline Register Optimization
Phase 3.4 Pipeline Register Optimization | Checksum: 266060431

Time (s): cpu = 00:00:02 ; elapsed = 00:00:02 . Memory (MB): peak = 1971.738 ; gain = 0.000

Phase 3.5 Small Shape Detail Placement
Phase 3.5 Small Shape Detail Placement | Checksum: 222573604

Time (s): cpu = 00:00:02 ; elapsed = 00:00:02 . Memory (MB): peak = 1971.738 ; gain = 0.000

Phase 3.6 Re-assign LUT pins
Phase 3.6 Re-assign LUT pins | Checksum: 19432b5d1

Time (s): cpu = 00:00:02 ; elapsed = 00:00:02 . Memory (MB): peak = 1971.738 ; gain = 0.000

Phase 3.7 Pipeline Register Optimization
Phase 3.7 Pipeline Register Optimization | Checksum: 2400ea151

Time (s): cpu = 00:00:02 ; elapsed = 00:00:02 . Memory (MB): peak = 1971.738 ; gain = 0.000
Phase 3 Detail Placement | Checksum: 2400ea151

Time (s): cpu = 00:00:02 ; elapsed = 00:00:02 . Memory (MB): peak = 1971.738 ; gain = 0.000

Phase 4 Post Placement Optimization and Clean-Up

Phase 4.1 Post Commit Optimization
INFO: [Timing 38-35] Done setting XDC timing constraints.

Phase 4.1.1 Post Placement Optimization
Post Placement Optimization Initialization | Checksum: 209bae65e

Phase 4.1.1.1 BUFG Insertion

Starting Physical Synthesis Task

Phase 1 Physical Synthesis Initialization
INFO: [Physopt 32-721] Multithreading enabled for phys_opt_design using a maximum of 2 CPUs
INFO: [Physopt 32-619] Estimated Timing Summary | WNS=63.329 | TNS=0.000 |
Phase 1 Physical Synthesis Initialization | Checksum: 204577ed2

Time (s): cpu = 00:00:00 ; elapsed = 00:00:00.016 . Memory (MB): peak = 1971.738 ; gain = 0.000
INFO: [Place 46-56] BUFG insertion identified 0 candidate nets. Inserted BUFG: 0, Replicated BUFG Driver: 0, Skipped due to Placement/Routing Conflicts: 0, Skipped due to Timing Degradation: 0, Skipped due to netlist editing failed: 0.
Ending Physical Synthesis Task | Checksum: 20461b95e

Time (s): cpu = 00:00:00 ; elapsed = 00:00:00.021 . Memory (MB): peak = 1971.738 ; gain = 0.000
Phase 4.1.1.1 BUFG Insertion | Checksum: 209bae65e

Time (s): cpu = 00:00:03 ; elapsed = 00:00:02 . Memory (MB): peak = 1971.738 ; gain = 0.000

Phase 4.1.1.2 Post Placement Timing Optimization
INFO: [Place 30-746] Post Placement Timing Summary WNS=63.329. For the most accurate timing information please run report_timing.
Phase 4.1.1.2 Post Placement Timing Optimization | Checksum: 1448bd7f7

Time (s): cpu = 00:00:03 ; elapsed = 00:00:02 . Memory (MB): peak = 1971.738 ; gain = 0.000

Time (s): cpu = 00:00:03 ; elapsed = 00:00:02 . Memory (MB): peak = 1971.738 ; gain = 0.000
Phase 4.1 Post Commit Optimization | Checksum: 1448bd7f7

Time (s): cpu = 00:00:03 ; elapsed = 00:00:02 . Memory (MB): peak = 1971.738 ; gain = 0.000

Phase 4.2 Post Placement Cleanup
Phase 4.2 Post Placement Cleanup | Checksum: 1448bd7f7

Time (s): cpu = 00:00:03 ; elapsed = 00:00:02 . Memory (MB): peak = 1971.738 ; gain = 0.000

Phase 4.3 Placer Reporting

Phase 4.3.1 Print Estimated Congestion
INFO: [Place 30-612] Post-Placement Estimated Congestion 
 ____________________________________________________
|           | Global Congestion | Short Congestion  |
| Direction | Region Size       | Region Size       |
|___________|___________________|___________________|
|      North|                1x1|                1x1|
|___________|___________________|___________________|
|      South|                1x1|                1x1|
|___________|___________________|___________________|
|       East|                1x1|                1x1|
|___________|___________________|___________________|
|       West|                1x1|                1x1|
|___________|___________________|___________________|

Phase 4.3.1 Print Estimated Congestion | Checksum: 1448bd7f7

Time (s): cpu = 00:00:03 ; elapsed = 00:00:02 . Memory (MB): peak = 1971.738 ; gain = 0.000
Phase 4.3 Placer Reporting | Checksum: 1448bd7f7

Time (s): cpu = 00:00:03 ; elapsed = 00:00:02 . Memory (MB): peak = 1971.738 ; gain = 0.000

Phase 4.4 Final Placement Cleanup
Netlist sorting complete. Time (s): cpu = 00:00:00 ; elapsed = 00:00:00 . Memory (MB): peak = 1971.738 ; gain = 0.000

Time (s): cpu = 00:00:03 ; elapsed = 00:00:02 . Memory (MB): peak = 1971.738 ; gain = 0.000
Phase 4 Post Placement Optimization and Clean-Up | Checksum: 1da554f20

Time (s): cpu = 00:00:03 ; elapsed = 00:00:02 . Memory (MB): peak = 1971.738 ; gain = 0.000
Ending Placer Task | Checksum: 1a22be0d0

Time (s): cpu = 00:00:03 ; elapsed = 00:00:02 . Memory (MB): peak = 1971.738 ; gain = 0.000
69 Infos, 0 Warnings, 0 Critical Warnings and 0 Errors encountered.
place_design completed successfully
INFO: [Vivado 12-24838] Running report commands "report_control_sets, report_io, report_utilization" in parallel.
Running report generation with 2 threads.
INFO: [Vivado 12-24828] Executing command : report_utilization -file lfsr_nl_seed_uart_utilization_placed.rpt -pb lfsr_nl_seed_uart_utilization_placed.pb
INFO: [Vivado 12-24828] Executing command : report_control_sets -verbose -file lfsr_nl_seed_uart_control_sets_placed.rpt
report_control_sets: Time (s): cpu = 00:00:00 ; elapsed = 00:00:00.016 . Memory (MB): peak = 1971.738 ; gain = 0.000
INFO: [Vivado 12-24828] Executing command : report_io -file lfsr_nl_seed_uart_io_placed.rpt
report_io: Time (s): cpu = 00:00:00 ; elapsed = 00:00:00.076 . Memory (MB): peak = 1971.738 ; gain = 0.000
INFO: [Timing 38-480] Writing timing data to binary archive.
Wrote PlaceDB: Time (s): cpu = 00:00:00 ; elapsed = 00:00:00 . Memory (MB): peak = 1971.738 ; gain = 0.000
Write ShapeDB Complete: Time (s): cpu = 00:00:00 ; elapsed = 00:00:00.030 . Memory (MB): peak = 1971.738 ; gain = 0.000
Wrote PulsedLatchDB: Time (s): cpu = 00:00:00 ; elapsed = 00:00:00 . Memory (MB): peak = 1971.738 ; gain = 0.000
Writing XDEF routing.
Writing XDEF routing logical nets.
Writing XDEF routing special nets.
Wrote RouteStorage: Time (s): cpu = 00:00:00 ; elapsed = 00:00:00.023 . Memory (MB): peak = 1971.738 ; gain = 0.000
Wrote PlaceStorage: Time (s): cpu = 00:00:00 ; elapsed = 00:00:00.022 . Memory (MB): peak = 1971.738 ; gain = 0.000
Wrote Netlist Cache: Time (s): cpu = 00:00:00 ; elapsed = 00:00:00.004 . Memory (MB): peak = 1971.738 ; gain = 0.000
Wrote Device Cache: Time (s): cpu = 00:00:00 ; elapsed = 00:00:00.016 . Memory (MB): peak = 1971.738 ; gain = 0.000
Write Physdb Complete: Time (s): cpu = 00:00:00 ; elapsed = 00:00:00.163 . Memory (MB): peak = 1971.738 ; gain = 0.000
INFO: [Common 17-1381] The checkpoint 'G:/My Drive/0 - SUTD/Term 6/DSL/Project/verilog/FPGA-Vivado-Verilog-VS-code-Project-Template/build/cmod_a7_project.runs/impl_1/lfsr_nl_seed_uart_placed.dcp' has been generated.
Command: phys_opt_design
Attempting to get a license for feature 'Implementation' and/or device 'xc7a35t'
INFO: [Common 17-349] Got license for feature 'Implementation' and/or device 'xc7a35t'

Starting Initial Update Timing Task

Time (s): cpu = 00:00:00 ; elapsed = 00:00:00.071 . Memory (MB): peak = 1971.738 ; gain = 0.000
INFO: [Vivado_Tcl 4-2279] Estimated Timing Summary | WNS= 63.329 | TNS= 0.000 | 
INFO: [Vivado_Tcl 4-383] Design worst setup slack (WNS) is greater than or equal to 0.000 ns. All physical synthesis setup optimizations will be skipped.
INFO: [Vivado_Tcl 4-232] No setup violation found. The netlist was not modified.
INFO: [Common 17-83] Releasing license: Implementation
80 Infos, 0 Warnings, 0 Critical Warnings and 0 Errors encountered.
phys_opt_design completed successfully
INFO: [Timing 38-480] Writing timing data to binary archive.
Wrote PlaceDB: Time (s): cpu = 00:00:00 ; elapsed = 00:00:00 . Memory (MB): peak = 1971.738 ; gain = 0.000
Write ShapeDB Complete: Time (s): cpu = 00:00:00 ; elapsed = 00:00:00.039 . Memory (MB): peak = 1971.738 ; gain = 0.000
Wrote PulsedLatchDB: Time (s): cpu = 00:00:00 ; elapsed = 00:00:00 . Memory (MB): peak = 1971.738 ; gain = 0.000
Writing XDEF routing.
Writing XDEF routing logical nets.
Writing XDEF routing special nets.
Wrote RouteStorage: Time (s): cpu = 00:00:00 ; elapsed = 00:00:00.022 . Memory (MB): peak = 1971.738 ; gain = 0.000
Wrote PlaceStorage: Time (s): cpu = 00:00:00 ; elapsed = 00:00:00.025 . Memory (MB): peak = 1971.738 ; gain = 0.000
Wrote Netlist Cache: Time (s): cpu = 00:00:00 ; elapsed = 00:00:00.003 . Memory (MB): peak = 1971.738 ; gain = 0.000
Wrote Device Cache: Time (s): cpu = 00:00:00 ; elapsed = 00:00:00.015 . Memory (MB): peak = 1971.738 ; gain = 0.000
Write Physdb Complete: Time (s): cpu = 00:00:00 ; elapsed = 00:00:00.170 . Memory (MB): peak = 1971.738 ; gain = 0.000
INFO: [Common 17-1381] The checkpoint 'G:/My Drive/0 - SUTD/Term 6/DSL/Project/verilog/FPGA-Vivado-Verilog-VS-code-Project-Template/build/cmod_a7_project.runs/impl_1/lfsr_nl_seed_uart_physopt.dcp' has been generated.
Command: route_design
Attempting to get a license for feature 'Implementation' and/or device 'xc7a35t'
INFO: [Common 17-349] Got license for feature 'Implementation' and/or device 'xc7a35t'


Starting Routing Task
INFO: [Route 35-254] Multithreading enabled for route_design using a maximum of 2 CPUs

Phase 1 Build RT Design
Checksum: PlaceDB: 5ce15aec ConstDB: 0 ShapeSum: a4c9298d RouteDB: a0815c57
Post Restoration Checksum: NetGraph: 303c54aa | NumContArr: 3dd4aeaa | Constraints: c2a8fa9d | Timing: c2a8fa9d
Phase 1 Build RT Design | Checksum: 1f362f88e

Time (s): cpu = 00:00:18 ; elapsed = 00:00:17 . Memory (MB): peak = 1971.738 ; gain = 0.000

Phase 2 Router Initialization

Phase 2.1 Fix Topology Constraints
Phase 2.1 Fix Topology Constraints | Checksum: 1f362f88e

Time (s): cpu = 00:00:18 ; elapsed = 00:00:17 . Memory (MB): peak = 1971.738 ; gain = 0.000

Phase 2.2 Pre Route Cleanup
Phase 2.2 Pre Route Cleanup | Checksum: 1f362f88e

Time (s): cpu = 00:00:18 ; elapsed = 00:00:17 . Memory (MB): peak = 1971.738 ; gain = 0.000
 Number of Nodes with overlaps = 0

Phase 2.3 Update Timing
Phase 2.3 Update Timing | Checksum: 21cc0d8b3

Time (s): cpu = 00:00:18 ; elapsed = 00:00:17 . Memory (MB): peak = 1971.738 ; gain = 0.000
INFO: [Route 35-416] Intermediate Timing Summary | WNS=63.444 | TNS=0.000  | WHS=-0.142 | THS=-3.437 |


Phase 2.4 Soft Constraint Pins - Fast Budgeting
Phase 2.4 Soft Constraint Pins - Fast Budgeting | Checksum: 2800c10db

Time (s): cpu = 00:00:18 ; elapsed = 00:00:17 . Memory (MB): peak = 1971.738 ; gain = 0.000

Router Utilization Summary
  Global Vertical Routing Utilization    = 0 %
  Global Horizontal Routing Utilization  = 0 %
  Routable Net Status*
  *Does not include unroutable nets such as driverless and loadless.
  Run report_route_status for detailed report.
  Number of Failed Nets               = 315
    (Failed Nets is the sum of unrouted and partially routed nets)
  Number of Unrouted Nets             = 315
  Number of Partially Routed Nets     = 0
  Number of Node Overlaps             = 0

Phase 2 Router Initialization | Checksum: 2800c10db

Time (s): cpu = 00:00:18 ; elapsed = 00:00:17 . Memory (MB): peak = 1971.738 ; gain = 0.000

Phase 3 Global Routing
Phase 3 Global Routing | Checksum: 2800c10db

Time (s): cpu = 00:00:18 ; elapsed = 00:00:17 . Memory (MB): peak = 1971.738 ; gain = 0.000

Phase 4 Initial Routing

Phase 4.1 Initial Net Routing Pass
Phase 4.1 Initial Net Routing Pass | Checksum: 2ea18090d

Time (s): cpu = 00:00:18 ; elapsed = 00:00:17 . Memory (MB): peak = 1971.738 ; gain = 0.000
Phase 4 Initial Routing | Checksum: 2ea18090d

Time (s): cpu = 00:00:18 ; elapsed = 00:00:17 . Memory (MB): peak = 1971.738 ; gain = 0.000

Phase 5 Rip-up And Reroute

Phase 5.1 Global Iteration 0
 Number of Nodes with overlaps = 20
 Number of Nodes with overlaps = 0
INFO: [Route 35-416] Intermediate Timing Summary | WNS=62.896 | TNS=0.000  | WHS=N/A    | THS=N/A    |

Phase 5.1 Global Iteration 0 | Checksum: 339a1de46

Time (s): cpu = 00:00:19 ; elapsed = 00:00:17 . Memory (MB): peak = 1971.738 ; gain = 0.000
Phase 5 Rip-up And Reroute | Checksum: 339a1de46

Time (s): cpu = 00:00:19 ; elapsed = 00:00:17 . Memory (MB): peak = 1971.738 ; gain = 0.000

Phase 6 Delay and Skew Optimization

Phase 6.1 Delay CleanUp

Phase 6.1.1 Update Timing
Phase 6.1.1 Update Timing | Checksum: 339a1de46

Time (s): cpu = 00:00:19 ; elapsed = 00:00:17 . Memory (MB): peak = 1971.738 ; gain = 0.000
INFO: [Route 35-416] Intermediate Timing Summary | WNS=62.901 | TNS=0.000  | WHS=N/A    | THS=N/A    |

Phase 6.1 Delay CleanUp | Checksum: 339a1de46

Time (s): cpu = 00:00:19 ; elapsed = 00:00:17 . Memory (MB): peak = 1971.738 ; gain = 0.000

Phase 6.2 Clock Skew Optimization
Phase 6.2 Clock Skew Optimization | Checksum: 339a1de46

Time (s): cpu = 00:00:19 ; elapsed = 00:00:17 . Memory (MB): peak = 1971.738 ; gain = 0.000
Phase 6 Delay and Skew Optimization | Checksum: 339a1de46

Time (s): cpu = 00:00:19 ; elapsed = 00:00:17 . Memory (MB): peak = 1971.738 ; gain = 0.000

Phase 7 Post Hold Fix

Phase 7.1 Hold Fix Iter
INFO: [Route 35-416] Intermediate Timing Summary | WNS=62.901 | TNS=0.000  | WHS=0.146  | THS=0.000  |

Phase 7.1 Hold Fix Iter | Checksum: 30ec21492

Time (s): cpu = 00:00:19 ; elapsed = 00:00:17 . Memory (MB): peak = 1971.738 ; gain = 0.000
Phase 7 Post Hold Fix | Checksum: 30ec21492

Time (s): cpu = 00:00:19 ; elapsed = 00:00:17 . Memory (MB): peak = 1971.738 ; gain = 0.000

Phase 8 Route finalize

Router Utilization Summary
  Global Vertical Routing Utilization    = 0.0593957 %
  Global Horizontal Routing Utilization  = 0.056481 %
  Routable Net Status*
  *Does not include unroutable nets such as driverless and loadless.
  Run report_route_status for detailed report.
  Number of Failed Nets               = 0
    (Failed Nets is the sum of unrouted and partially routed nets)
  Number of Unrouted Nets             = 0
  Number of Partially Routed Nets     = 0
  Number of Node Overlaps             = 0

Phase 8 Route finalize | Checksum: 30ec21492

Time (s): cpu = 00:00:19 ; elapsed = 00:00:17 . Memory (MB): peak = 1971.738 ; gain = 0.000

Phase 9 Verifying routed nets

 Verification completed successfully
Phase 9 Verifying routed nets | Checksum: 30ec21492

Time (s): cpu = 00:00:19 ; elapsed = 00:00:18 . Memory (MB): peak = 1971.738 ; gain = 0.000

Phase 10 Depositing Routes
Phase 10 Depositing Routes | Checksum: 314ba6bd5

Time (s): cpu = 00:00:19 ; elapsed = 00:00:18 . Memory (MB): peak = 1971.738 ; gain = 0.000

Phase 11 Post Process Routing
Phase 11 Post Process Routing | Checksum: 314ba6bd5

Time (s): cpu = 00:00:19 ; elapsed = 00:00:18 . Memory (MB): peak = 1971.738 ; gain = 0.000

Phase 12 Post Router Timing
INFO: [Route 35-57] Estimated Timing Summary | WNS=62.901 | TNS=0.000  | WHS=0.146  | THS=0.000  |

INFO: [Route 35-327] The final timing numbers are based on the router estimated timing analysis. For a complete and accurate timing signoff, please run report_timing_summary.
Phase 12 Post Router Timing | Checksum: 314ba6bd5

Time (s): cpu = 00:00:19 ; elapsed = 00:00:18 . Memory (MB): peak = 1971.738 ; gain = 0.000
Total Elapsed time in route_design: 17.55 secs

Phase 13 Post-Route Event Processing
Phase 13 Post-Route Event Processing | Checksum: 1c406492a

Time (s): cpu = 00:00:19 ; elapsed = 00:00:18 . Memory (MB): peak = 1971.738 ; gain = 0.000
INFO: [Route 35-16] Router Completed Successfully
Ending Routing Task | Checksum: 1c406492a

Time (s): cpu = 00:00:19 ; elapsed = 00:00:18 . Memory (MB): peak = 1971.738 ; gain = 0.000

Routing Is Done.
INFO: [Common 17-83] Releasing license: Implementation
92 Infos, 0 Warnings, 0 Critical Warnings and 0 Errors encountered.
route_design completed successfully
route_design: Time (s): cpu = 00:00:19 ; elapsed = 00:00:18 . Memory (MB): peak = 1971.738 ; gain = 0.000
INFO: [Vivado 12-24828] Executing command : report_drc -file lfsr_nl_seed_uart_drc_routed.rpt -pb lfsr_nl_seed_uart_drc_routed.pb -rpx lfsr_nl_seed_uart_drc_routed.rpx
Command: report_drc -file lfsr_nl_seed_uart_drc_routed.rpt -pb lfsr_nl_seed_uart_drc_routed.pb -rpx lfsr_nl_seed_uart_drc_routed.rpx
INFO: [IP_Flow 19-1839] IP Catalog is up to date.
INFO: [DRC 23-27] Running DRC with 2 threads
INFO: [Vivado_Tcl 2-168] The results of DRC are in file G:/My Drive/0 - SUTD/Term 6/DSL/Project/verilog/FPGA-Vivado-Verilog-VS-code-Project-Template/build/cmod_a7_project.runs/impl_1/lfsr_nl_seed_uart_drc_routed.rpt.
report_drc completed successfully
INFO: [Vivado 12-24828] Executing command : report_methodology -file lfsr_nl_seed_uart_methodology_drc_routed.rpt -pb lfsr_nl_seed_uart_methodology_drc_routed.pb -rpx lfsr_nl_seed_uart_methodology_drc_routed.rpx
Command: report_methodology -file lfsr_nl_seed_uart_methodology_drc_routed.rpt -pb lfsr_nl_seed_uart_methodology_drc_routed.pb -rpx lfsr_nl_seed_uart_methodology_drc_routed.rpx
INFO: [Timing 38-35] Done setting XDC timing constraints.
INFO: [DRC 23-133] Running Methodology with 2 threads
INFO: [Vivado_Tcl 2-1520] The results of Report Methodology are in file G:/My Drive/0 - SUTD/Term 6/DSL/Project/verilog/FPGA-Vivado-Verilog-VS-code-Project-Template/build/cmod_a7_project.runs/impl_1/lfsr_nl_seed_uart_methodology_drc_routed.rpt.
report_methodology completed successfully
INFO: [Vivado 12-24828] Executing command : report_timing_summary -max_paths 10 -routable_nets -report_unconstrained -file lfsr_nl_seed_uart_timing_summary_routed.rpt -pb lfsr_nl_seed_uart_timing_summary_routed.pb -rpx lfsr_nl_seed_uart_timing_summary_routed.rpx -warn_on_violation 
INFO: [Timing 38-35] Done setting XDC timing constraints.
INFO: [Timing 38-91] UpdateTimingParams: Speed grade: -1, Delay Type: min_max.
INFO: [Timing 38-191] Multithreading enabled for timing update using a maximum of 2 CPUs
INFO: [Vivado 12-24838] Running report commands "report_incremental_reuse, report_route_status" in parallel.
Running report generation with 2 threads.
INFO: [Vivado 12-24828] Executing command : report_incremental_reuse -file lfsr_nl_seed_uart_incremental_reuse_routed.rpt
INFO: [Vivado_Tcl 4-1062] Incremental flow is disabled. No incremental reuse Info to report.
INFO: [Vivado 12-24828] Executing command : report_route_status -file lfsr_nl_seed_uart_route_status.rpt -pb lfsr_nl_seed_uart_route_status.pb
INFO: [Vivado 12-24828] Executing command : report_power -file lfsr_nl_seed_uart_power_routed.rpt -pb lfsr_nl_seed_uart_power_summary_routed.pb -rpx lfsr_nl_seed_uart_power_routed.rpx
Command: report_power -file lfsr_nl_seed_uart_power_routed.rpt -pb lfsr_nl_seed_uart_power_summary_routed.pb -rpx lfsr_nl_seed_uart_power_routed.rpx
Running Vector-less Activity Propagation...

Finished Running Vector-less Activity Propagation
109 Infos, 0 Warnings, 0 Critical Warnings and 0 Errors encountered.
report_power completed successfully
INFO: [Vivado 12-24828] Executing command : report_clock_utilization -file lfsr_nl_seed_uart_clock_utilization_routed.rpt
INFO: [Vivado 12-24828] Executing command : report_bus_skew -warn_on_violation -file lfsr_nl_seed_uart_bus_skew_routed.rpt -pb lfsr_nl_seed_uart_bus_skew_routed.pb -rpx lfsr_nl_seed_uart_bus_skew_routed.rpx
INFO: [Timing 38-91] UpdateTimingParams: Speed grade: -1, Delay Type: min_max.
INFO: [Timing 38-191] Multithreading enabled for timing update using a maximum of 2 CPUs
INFO: [Timing 38-480] Writing timing data to binary archive.
Wrote PlaceDB: Time (s): cpu = 00:00:00 ; elapsed = 00:00:00 . Memory (MB): peak = 1971.738 ; gain = 0.000
Write ShapeDB Complete: Time (s): cpu = 00:00:00 ; elapsed = 00:00:00.028 . Memory (MB): peak = 1971.738 ; gain = 0.000
Wrote PulsedLatchDB: Time (s): cpu = 00:00:00 ; elapsed = 00:00:00 . Memory (MB): peak = 1971.738 ; gain = 0.000
Writing XDEF routing.
Writing XDEF routing logical nets.
Writing XDEF routing special nets.
Wrote RouteStorage: Time (s): cpu = 00:00:00 ; elapsed = 00:00:00.027 . Memory (MB): peak = 1971.738 ; gain = 0.000
Wrote PlaceStorage: Time (s): cpu = 00:00:00 ; elapsed = 00:00:00.022 . Memory (MB): peak = 1971.738 ; gain = 0.000
Wrote Netlist Cache: Time (s): cpu = 00:00:00 ; elapsed = 00:00:00.003 . Memory (MB): peak = 1971.738 ; gain = 0.000
Wrote Device Cache: Time (s): cpu = 00:00:00 ; elapsed = 00:00:00.015 . Memory (MB): peak = 1971.738 ; gain = 0.000
Write Physdb Complete: Time (s): cpu = 00:00:00 ; elapsed = 00:00:00.160 . Memory (MB): peak = 1971.738 ; gain = 0.000
INFO: [Common 17-1381] The checkpoint 'G:/My Drive/0 - SUTD/Term 6/DSL/Project/verilog/FPGA-Vivado-Verilog-VS-code-Project-Template/build/cmod_a7_project.runs/impl_1/lfsr_nl_seed_uart_routed.dcp' has been generated.
Command: write_bitstream -force lfsr_nl_seed_uart.bit
Attempting to get a license for feature 'Implementation' and/or device 'xc7a35t'
INFO: [Common 17-349] Got license for feature 'Implementation' and/or device 'xc7a35t'
Running DRC as a precondition to command write_bitstream
INFO: [IP_Flow 19-1839] IP Catalog is up to date.
INFO: [DRC 23-27] Running DRC with 2 threads
INFO: [Vivado 12-3199] DRC finished with 0 Errors
INFO: [Vivado 12-3200] Please refer to the DRC report (report_drc) for more information.
Integrating Hard IP ELF/MEM with the PDI.
INFO: [Designutils 20-2272] Running write_bitstream with 2 threads.
Loading data files...
Loading site data...
Loading route data...
Processing options...
Creating bitmap...
Creating bitstream...
Bitstream compression saved 14660416 bits.
Writing bitstream ./lfsr_nl_seed_uart.bit...
INFO: [Vivado 12-1842] Bitgen Completed Successfully.
INFO: [Common 17-83] Releasing license: Implementation
123 Infos, 0 Warnings, 0 Critical Warnings and 0 Errors encountered.
write_bitstream completed successfully
write_bitstream: Time (s): cpu = 00:00:08 ; elapsed = 00:00:07 . Memory (MB): peak = 2165.617 ; gain = 193.879
INFO: [Common 17-206] Exiting Vivado at Wed Apr 22 21:37:03 2026...
[Wed Apr 22 21:37:04 2026] impl_1 finished
wait_on_runs: Time (s): cpu = 00:00:00 ; elapsed = 00:01:20 . Memory (MB): peak = 1030.332 ; gain = 0.000
# if {[get_property PROGRESS [get_runs impl_1]] != "100%"} {
#     puts "ERROR: Implementation failed!"
#     exit 1
# }
# puts "Implementation completed successfully"
Implementation completed successfully
# open_run impl_1
Netlist sorting complete. Time (s): cpu = 00:00:00 ; elapsed = 00:00:00.002 . Memory (MB): peak = 1030.332 ; gain = 0.000
INFO: [Netlist 29-17] Analyzing 19 Unisim elements for replacement
INFO: [Netlist 29-28] Unisim Transformation completed in 0 CPU seconds
INFO: [Project 1-479] Netlist was created with Vivado 2025.2
INFO: [Project 1-570] Preparing netlist for logic optimization
Read ShapeDB Complete: Time (s): cpu = 00:00:00 ; elapsed = 00:00:00.029 . Memory (MB): peak = 1103.934 ; gain = 0.129
INFO: [Timing 38-478] Restoring timing data from binary archive.
INFO: [Timing 38-479] Binary timing data restore complete.
INFO: [Project 1-856] Restoring constraints from binary archive.
INFO: [Project 1-853] Binary constraint restore complete.
INFO: [Designutils 20-5722] Start Reading Physical Databases.
Reading placement.
Read Netlist Cache: Time (s): cpu = 00:00:00 ; elapsed = 00:00:00.001 . Memory (MB): peak = 1624.535 ; gain = 0.000
Reading placer database...
Read Device Cache: Time (s): cpu = 00:00:00 ; elapsed = 00:00:00.008 . Memory (MB): peak = 1624.535 ; gain = 0.000
Read PlaceDB: Time (s): cpu = 00:00:00 ; elapsed = 00:00:00 . Memory (MB): peak = 1624.535 ; gain = 0.000
Read placeStorage: Time (s): cpu = 00:00:00 ; elapsed = 00:00:00.010 . Memory (MB): peak = 1624.535 ; gain = 0.000
Read PulsedLatchDB: Time (s): cpu = 00:00:00 ; elapsed = 00:00:00 . Memory (MB): peak = 1624.535 ; gain = 0.000
Reading routing.
Read RouteStorage: Time (s): cpu = 00:00:00 ; elapsed = 00:00:00.012 . Memory (MB): peak = 1624.535 ; gain = 0.000
Read Physdb Files: Time (s): cpu = 00:00:00 ; elapsed = 00:00:00.214 . Memory (MB): peak = 1624.535 ; gain = 0.000
Restored from archive | CPU: 0.000000 secs | Memory: 0.000000 MB |
Finished XDEF File Restore: Time (s): cpu = 00:00:00 ; elapsed = 00:00:00.214 . Memory (MB): peak = 1624.535 ; gain = 0.000
Netlist sorting complete. Time (s): cpu = 00:00:00 ; elapsed = 00:00:00 . Memory (MB): peak = 1624.535 ; gain = 0.000
INFO: [Project 1-111] Unisim Transformation Summary:
No Unisim elements were transformed.

open_run: Time (s): cpu = 00:00:06 ; elapsed = 00:00:07 . Memory (MB): peak = 1624.535 ; gain = 594.203
# puts "Generating timing report..."
Generating timing report...
# report_timing_summary -file $project_dir/timing_summary.rpt
INFO: [Timing 38-91] UpdateTimingParams: Speed grade: -1, Delay Type: min_max.
INFO: [Timing 38-191] Multithreading enabled for timing update using a maximum of 2 CPUs
# puts "Generating utilization report..."
Generating utilization report...
# report_utilization -file $project_dir/utilization.rpt
# puts "Generating power report..."
Generating power report...
# report_power -file $project_dir/power.rpt
Command: report_power -file {G:/My Drive/0 - SUTD/Term 6/DSL/Project/verilog/FPGA-Vivado-Verilog-VS-code-Project-Template/build/power.rpt}
Running Vector-less Activity Propagation...

Finished Running Vector-less Activity Propagation
0 Infos, 0 Warnings, 0 Critical Warnings and 0 Errors encountered.
report_power completed successfully
# puts "Bitstream generated: $project_dir/$project_name.runs/impl_1/$TOP_MODULE.bit"
Bitstream generated: G:/My Drive/0 - SUTD/Term 6/DSL/Project/verilog/FPGA-Vivado-Verilog-VS-code-Project-Template/build/cmod_a7_project.runs/impl_1/lfsr_nl_seed_uart.bit
# puts "Build completed successfully!"
Build completed successfully!
INFO: [Common 17-206] Exiting Vivado at Wed Apr 22 21:37:12 2026...
