#-----------------------------------------------------------
# Vivado v2025.2 (64-bit)
# SW Build 6299465 on Fri Nov 14 19:35:11 GMT 2025
# IP Build 6300035 on Fri Nov 14 10:48:45 MST 2025
# SharedData Build 6298862 on Thu Nov 13 04:50:51 MST 2025
# Start of session at: Wed Mar  4 13:23:27 2026
# Process ID         : 7808
# Current directory  : G:/My Drive/0 - SUTD/Term 6/DSL/Project
# Command line       : vivado.exe -mode batch -source G:\My Drive\0 - SUTD\Term 6\DSL\Project\verilog\FPGA-Vivado-Verilog-VS-code-Project-Template\scripts\build.tcl
# Log file           : G:/My Drive/0 - SUTD/Term 6/DSL/Project/vivado.log
# Journal file       : G:/My Drive/0 - SUTD/Term 6/DSL/Project\vivado.jou
# Running On         : DESKTOP-NP0GIO7
# Platform           : Windows Server 2016 or Windows 10
# Operating System   : 26200
# Processor Detail   : 11th Gen Intel(R) Core(TM) i5-11400H @ 2.70GHz
# CPU Frequency      : 2688 MHz
# CPU Physical cores : 6
# CPU Logical cores  : 12
# Host memory        : 16904 MB
# Swap memory        : 3087 MB
# Total Virtual      : 19991 MB
# Available Virtual  : 5402 MB
#-----------------------------------------------------------
source {G:\My Drive\0 - SUTD\Term 6\DSL\Project\verilog\FPGA-Vivado-Verilog-VS-code-Project-Template\scripts\build.tcl}
# set script_dir [file dirname [file normalize [info script]]]
# set src_dir [file normalize "$script_dir/../src"]
# set constraints_dir [file normalize "$script_dir/../constraints"]
# set config_file [file normalize "$script_dir/config.tcl"]
# if {![file exists $config_file]} {
#     puts "ERROR: Configuration file not found: $config_file"
#     puts "Please create config.tcl in the scripts directory"
#     exit 1
# }
# source $config_file
## set PROJECT_NAME "cmod_a7_project"
## set TOP_MODULE "switch_display"
## set PART_NAME "xc7a35tcpg236-1"
## set SOURCE_FILES [list "switch_display.v"]
## set CONSTRAINT_FILES [list "CMODA7_Constrain.xdc"]
## set BUILD_DIR "build"
## set SYNTH_STRATEGY "Vivado Synthesis Defaults"
## set IMPL_STRATEGY "Vivado Implementation Defaults"
## puts "INFO: Loaded configuration for project: $PROJECT_NAME"
INFO: Loaded configuration for project: cmod_a7_project
## puts "INFO: Top module: $TOP_MODULE"
INFO: Top module: switch_display
## puts "INFO: Target device: $PART_NAME"
INFO: Target device: xc7a35tcpg236-1
# set project_dir [file normalize "$script_dir/../$BUILD_DIR"]
# set project_name $PROJECT_NAME
# set part_name $PART_NAME
# puts "DEBUG: script_dir = $script_dir"
DEBUG: script_dir = G:/My Drive/0 - SUTD/Term 6/DSL/Project/verilog/FPGA-Vivado-Verilog-VS-code-Project-Template/scripts
# puts "DEBUG: src_dir = $src_dir"
DEBUG: src_dir = G:/My Drive/0 - SUTD/Term 6/DSL/Project/verilog/FPGA-Vivado-Verilog-VS-code-Project-Template/src
# puts "DEBUG: project_dir = $project_dir"
DEBUG: project_dir = G:/My Drive/0 - SUTD/Term 6/DSL/Project/verilog/FPGA-Vivado-Verilog-VS-code-Project-Template/build
# file mkdir $project_dir
# create_project -force $project_name $project_dir -part $part_name
INFO: [ProjectBase 1-489] The host OS only allows 260 characters in a normal path. The project is stored in a path with more than 80 characters. If you experience issues with IP, Block Designs, or files not being found, please consider moving the project to a location with a shorter path. Alternately consider using the OS subst command to map part of the path to a drive letter.
Current project path is 'G:/My Drive/0 - SUTD/Term 6/DSL/Project/verilog/FPGA-Vivado-Verilog-VS-code-Project-Template/build'
create_project: Time (s): cpu = 00:00:09 ; elapsed = 00:00:07 . Memory (MB): peak = 658.430 ; gain = 218.109
# if {[llength $SOURCE_FILES] == 1 && [string match "*\**" $SOURCE_FILES]} {
#     # Glob pattern - add all matching files
#     puts "Adding source files matching pattern: $SOURCE_FILES"
#     set source_file_list [glob -nocomplain $src_dir/$SOURCE_FILES]
#     if {[llength $source_file_list] == 0} {
#         puts "ERROR: No source files found matching pattern: $SOURCE_FILES"
#         exit 1
#     }
#     add_files $source_file_list
#     puts "Added [llength $source_file_list] source file(s)"
# } else {
#     # Specific file list
#     set source_file_list {}
#     foreach src_file $SOURCE_FILES {
#         set full_path [file normalize "$src_dir/$src_file"]
#         if {![file exists $full_path]} {
#             puts "ERROR: Source file not found: $full_path"
#             exit 1
#         }
#         lappend source_file_list $full_path
#         puts "Adding source file: $full_path"
#     }
#     add_files $source_file_list
# }
Adding source files matching pattern: switch_display.v
Added 1 source file(s)
# if {[llength $CONSTRAINT_FILES] == 1 && [string match "*\**" $CONSTRAINT_FILES]} {
#     # Glob pattern
#     add_files -fileset constrs_1 [glob -nocomplain $constraints_dir/$CONSTRAINT_FILES]
# } else {
#     # Specific file list
#     foreach const_file $CONSTRAINT_FILES {
#         set full_path [file normalize "$constraints_dir/$const_file"]
#         if {[file exists $full_path]} {
#             add_files -fileset constrs_1 $full_path
#         }
#     }
# }
# set_property top $TOP_MODULE [current_fileset]
# update_compile_order -fileset sources_1
# puts "Running Synthesis..."
Running Synthesis...
# launch_runs synth_1
WARNING: [Vivado 12-7122] Auto Incremental Compile:: No reference checkpoint was found in run synth_1. Auto-incremental flow will not be run, the standard flow will be run instead.
[Wed Mar  4 13:23:39 2026] Launched synth_1...
Run output will be captured here: G:/My Drive/0 - SUTD/Term 6/DSL/Project/verilog/FPGA-Vivado-Verilog-VS-code-Project-Template/build/cmod_a7_project.runs/synth_1/runme.log
# wait_on_run synth_1
[Wed Mar  4 13:23:39 2026] Waiting for synth_1 to finish...

*** Running vivado
    with args -log switch_display.vds -m64 -product Vivado -mode batch -messageDb vivado.pb -notrace -source switch_display.tcl



****** Vivado v2025.2 (64-bit)
  **** SW Build 6299465 on Fri Nov 14 19:35:11 GMT 2025
  **** IP Build 6300035 on Fri Nov 14 10:48:45 MST 2025
  **** SharedData Build 6298862 on Thu Nov 13 04:50:51 MST 2025
  **** Start of session at: Wed Mar  4 13:23:40 2026
    ** Copyright 1986-2022 Xilinx, Inc. All Rights Reserved.
    ** Copyright 2022-2025 Advanced Micro Devices, Inc. All Rights Reserved.

source switch_display.tcl -notrace
create_project: Time (s): cpu = 00:00:09 ; elapsed = 00:00:06 . Memory (MB): peak = 659.770 ; gain = 220.352
Command: synth_design -top switch_display -part xc7a35tcpg236-1
Starting synth_design
Attempting to get a license for feature 'Synthesis' and/or device 'xc7a35t'
INFO: [Common 17-349] Got license for feature 'Synthesis' and/or device 'xc7a35t'
INFO: [Device 21-403] Loading part xc7a35tcpg236-1
INFO: [Synth 8-7079] Multithreading enabled for synth_design using a maximum of 2 processes.
INFO: [Synth 8-7078] Launching helper process for spawning children vivado processes
INFO: [Synth 8-7075] Helper process launched with PID 6960
---------------------------------------------------------------------------------
Starting RTL Elaboration : Time (s): cpu = 00:00:05 ; elapsed = 00:00:06 . Memory (MB): peak = 1391.461 ; gain = 540.160
---------------------------------------------------------------------------------
INFO: [Synth 8-6157] synthesizing module 'switch_display' [G:/My Drive/0 - SUTD/Term 6/DSL/Project/verilog/FPGA-Vivado-Verilog-VS-code-Project-Template/src/switch_display.v:9]
INFO: [Synth 8-6157] synthesizing module 'binary_to_bcd' [G:/My Drive/0 - SUTD/Term 6/DSL/Project/verilog/FPGA-Vivado-Verilog-VS-code-Project-Template/src/switch_display.v:97]
INFO: [Synth 8-6155] done synthesizing module 'binary_to_bcd' (0#1) [G:/My Drive/0 - SUTD/Term 6/DSL/Project/verilog/FPGA-Vivado-Verilog-VS-code-Project-Template/src/switch_display.v:97]
INFO: [Synth 8-226] default block is never used [G:/My Drive/0 - SUTD/Term 6/DSL/Project/verilog/FPGA-Vivado-Verilog-VS-code-Project-Template/src/switch_display.v:45]
INFO: [Synth 8-226] default block is never used [G:/My Drive/0 - SUTD/Term 6/DSL/Project/verilog/FPGA-Vivado-Verilog-VS-code-Project-Template/src/switch_display.v:77]
INFO: [Synth 8-6155] done synthesizing module 'switch_display' (0#1) [G:/My Drive/0 - SUTD/Term 6/DSL/Project/verilog/FPGA-Vivado-Verilog-VS-code-Project-Template/src/switch_display.v:9]
---------------------------------------------------------------------------------
Finished RTL Elaboration : Time (s): cpu = 00:00:07 ; elapsed = 00:00:08 . Memory (MB): peak = 1511.004 ; gain = 659.703
---------------------------------------------------------------------------------
---------------------------------------------------------------------------------
Start Handling Custom Attributes
---------------------------------------------------------------------------------
---------------------------------------------------------------------------------
Finished Handling Custom Attributes : Time (s): cpu = 00:00:07 ; elapsed = 00:00:08 . Memory (MB): peak = 1511.004 ; gain = 659.703
---------------------------------------------------------------------------------
---------------------------------------------------------------------------------
Finished RTL Optimization Phase 1 : Time (s): cpu = 00:00:07 ; elapsed = 00:00:08 . Memory (MB): peak = 1511.004 ; gain = 659.703
---------------------------------------------------------------------------------
Netlist sorting complete. Time (s): cpu = 00:00:00 ; elapsed = 00:00:00.003 . Memory (MB): peak = 1511.004 ; gain = 0.000
INFO: [Project 1-570] Preparing netlist for logic optimization

Processing XDC Constraints
Initializing timing engine
Parsing XDC File [G:/My Drive/0 - SUTD/Term 6/DSL/Project/verilog/FPGA-Vivado-Verilog-VS-code-Project-Template/constraints/CMODA7_Constrain.xdc]
WARNING: [Vivado 12-584] No ports matched 'led'. [G:/My Drive/0 - SUTD/Term 6/DSL/Project/verilog/FPGA-Vivado-Verilog-VS-code-Project-Template/constraints/CMODA7_Constrain.xdc:11]
CRITICAL WARNING: [Common 17-55] 'set_property' expects at least one object. [G:/My Drive/0 - SUTD/Term 6/DSL/Project/verilog/FPGA-Vivado-Verilog-VS-code-Project-Template/constraints/CMODA7_Constrain.xdc:11]
Resolution: If [get_<value>] was used to populate the object, check to make sure this command returns at least one valid object.
Finished Parsing XDC File [G:/My Drive/0 - SUTD/Term 6/DSL/Project/verilog/FPGA-Vivado-Verilog-VS-code-Project-Template/constraints/CMODA7_Constrain.xdc]
INFO: [Project 1-236] Implementation specific constraints were found while reading constraint file [G:/My Drive/0 - SUTD/Term 6/DSL/Project/verilog/FPGA-Vivado-Verilog-VS-code-Project-Template/constraints/CMODA7_Constrain.xdc]. These constraints will be ignored for synthesis but will be used in implementation. Impacted constraints are listed in the file [.Xil/switch_display_propImpl.xdc].
Resolution: To avoid this warning, move constraints listed in [.Xil/switch_display_propImpl.xdc] to another XDC file and exclude this new file from synthesis with the used_in_synthesis property (File Properties dialog in GUI) and re-run elaboration/synthesis.
Completed Processing XDC Constraints

Netlist sorting complete. Time (s): cpu = 00:00:00 ; elapsed = 00:00:00 . Memory (MB): peak = 1572.254 ; gain = 0.000
INFO: [Project 1-111] Unisim Transformation Summary:
No Unisim elements were transformed.

Constraint Validation Runtime : Time (s): cpu = 00:00:00 ; elapsed = 00:00:00.013 . Memory (MB): peak = 1572.254 ; gain = 0.000
---------------------------------------------------------------------------------
Finished Constraint Validation : Time (s): cpu = 00:00:15 ; elapsed = 00:00:16 . Memory (MB): peak = 1572.254 ; gain = 720.953
---------------------------------------------------------------------------------
---------------------------------------------------------------------------------
Start Loading Part and Timing Information
---------------------------------------------------------------------------------
Loading part: xc7a35tcpg236-1
---------------------------------------------------------------------------------
Finished Loading Part and Timing Information : Time (s): cpu = 00:00:15 ; elapsed = 00:00:16 . Memory (MB): peak = 1572.254 ; gain = 720.953
---------------------------------------------------------------------------------
---------------------------------------------------------------------------------
Start Applying 'set_property' XDC Constraints
---------------------------------------------------------------------------------
---------------------------------------------------------------------------------
Finished applying 'set_property' XDC Constraints : Time (s): cpu = 00:00:15 ; elapsed = 00:00:16 . Memory (MB): peak = 1572.254 ; gain = 720.953
---------------------------------------------------------------------------------
---------------------------------------------------------------------------------
Finished RTL Optimization Phase 2 : Time (s): cpu = 00:00:15 ; elapsed = 00:00:17 . Memory (MB): peak = 1572.254 ; gain = 720.953
---------------------------------------------------------------------------------
---------------------------------------------------------------------------------
Start RTL Component Statistics 
---------------------------------------------------------------------------------
Detailed RTL Component Info : 
+---Adders : 
	   2 Input   10 Bit       Adders := 1     
	   2 Input    4 Bit       Adders := 18    
+---Registers : 
	               10 Bit    Registers := 1     
	                7 Bit    Registers := 1     
+---Muxes : 
	   4 Input    6 Bit        Muxes := 1     
	   2 Input    4 Bit        Muxes := 12    
	   4 Input    4 Bit        Muxes := 1     
---------------------------------------------------------------------------------
Finished RTL Component Statistics 
---------------------------------------------------------------------------------
---------------------------------------------------------------------------------
Start Part Resource Summary
---------------------------------------------------------------------------------
Part Resources:
DSPs: 90 (col length:60)
BRAMs: 100 (col length: RAMB18 60 RAMB36 30)
---------------------------------------------------------------------------------
Finished Part Resource Summary
---------------------------------------------------------------------------------
---------------------------------------------------------------------------------
Start Cross Boundary and Area Optimization
---------------------------------------------------------------------------------
WARNING: [Synth 8-3917] design switch_display has port seg[7] driven by constant 0
WARNING: [Synth 8-3917] design switch_display has port hex[5] driven by constant 1
WARNING: [Synth 8-3917] design switch_display has port hex[4] driven by constant 1
---------------------------------------------------------------------------------
Finished Cross Boundary and Area Optimization : Time (s): cpu = 00:00:17 ; elapsed = 00:00:20 . Memory (MB): peak = 1572.254 ; gain = 720.953
---------------------------------------------------------------------------------
---------------------------------------------------------------------------------
Start Applying XDC Timing Constraints
---------------------------------------------------------------------------------
---------------------------------------------------------------------------------
Finished Applying XDC Timing Constraints : Time (s): cpu = 00:00:22 ; elapsed = 00:00:25 . Memory (MB): peak = 1710.688 ; gain = 859.387
---------------------------------------------------------------------------------
---------------------------------------------------------------------------------
Start Timing Optimization
---------------------------------------------------------------------------------
---------------------------------------------------------------------------------
Finished Timing Optimization : Time (s): cpu = 00:00:23 ; elapsed = 00:00:25 . Memory (MB): peak = 1739.715 ; gain = 888.414
---------------------------------------------------------------------------------
---------------------------------------------------------------------------------
Start Technology Mapping
---------------------------------------------------------------------------------
---------------------------------------------------------------------------------
Finished Technology Mapping : Time (s): cpu = 00:00:23 ; elapsed = 00:00:25 . Memory (MB): peak = 1754.258 ; gain = 902.957
---------------------------------------------------------------------------------
---------------------------------------------------------------------------------
Start IO Insertion
---------------------------------------------------------------------------------
---------------------------------------------------------------------------------
Start Flattening Before IO Insertion
---------------------------------------------------------------------------------
---------------------------------------------------------------------------------
Finished Flattening Before IO Insertion
---------------------------------------------------------------------------------
---------------------------------------------------------------------------------
Start Final Netlist Cleanup
---------------------------------------------------------------------------------
---------------------------------------------------------------------------------
Finished Final Netlist Cleanup
---------------------------------------------------------------------------------
---------------------------------------------------------------------------------
Finished IO Insertion : Time (s): cpu = 00:00:27 ; elapsed = 00:00:29 . Memory (MB): peak = 1974.035 ; gain = 1122.734
---------------------------------------------------------------------------------
---------------------------------------------------------------------------------
Start Renaming Generated Instances
---------------------------------------------------------------------------------
---------------------------------------------------------------------------------
Finished Renaming Generated Instances : Time (s): cpu = 00:00:27 ; elapsed = 00:00:29 . Memory (MB): peak = 1974.035 ; gain = 1122.734
---------------------------------------------------------------------------------
---------------------------------------------------------------------------------
Start Rebuilding User Hierarchy
---------------------------------------------------------------------------------
---------------------------------------------------------------------------------
Finished Rebuilding User Hierarchy : Time (s): cpu = 00:00:27 ; elapsed = 00:00:29 . Memory (MB): peak = 1974.035 ; gain = 1122.734
---------------------------------------------------------------------------------
---------------------------------------------------------------------------------
Start Renaming Generated Ports
---------------------------------------------------------------------------------
---------------------------------------------------------------------------------
Finished Renaming Generated Ports : Time (s): cpu = 00:00:27 ; elapsed = 00:00:29 . Memory (MB): peak = 1974.035 ; gain = 1122.734
---------------------------------------------------------------------------------
---------------------------------------------------------------------------------
Start Handling Custom Attributes
---------------------------------------------------------------------------------
---------------------------------------------------------------------------------
Finished Handling Custom Attributes : Time (s): cpu = 00:00:27 ; elapsed = 00:00:29 . Memory (MB): peak = 1974.035 ; gain = 1122.734
---------------------------------------------------------------------------------
---------------------------------------------------------------------------------
Start Renaming Generated Nets
---------------------------------------------------------------------------------
---------------------------------------------------------------------------------
Finished Renaming Generated Nets : Time (s): cpu = 00:00:27 ; elapsed = 00:00:29 . Memory (MB): peak = 1974.035 ; gain = 1122.734
---------------------------------------------------------------------------------
---------------------------------------------------------------------------------
Start Writing Synthesis Report
---------------------------------------------------------------------------------

Report BlackBoxes: 
+-+--------------+----------+
| |BlackBox name |Instances |
+-+--------------+----------+
+-+--------------+----------+

Report Cell Usage: 
+------+-----+------+
|      |Cell |Count |
+------+-----+------+
|1     |BUFG |     1|
|2     |LUT1 |     1|
|3     |LUT2 |     8|
|4     |LUT3 |     6|
|5     |LUT4 |     8|
|6     |LUT5 |     6|
|7     |LUT6 |    20|
|8     |FDRE |    17|
|9     |IBUF |    11|
|10    |OBUF |    14|
+------+-----+------+
---------------------------------------------------------------------------------
Finished Writing Synthesis Report : Time (s): cpu = 00:00:27 ; elapsed = 00:00:29 . Memory (MB): peak = 1974.035 ; gain = 1122.734
---------------------------------------------------------------------------------
Synthesis finished with 0 errors, 0 critical warnings and 3 warnings.
Synthesis Optimization Runtime : Time (s): cpu = 00:00:18 ; elapsed = 00:00:27 . Memory (MB): peak = 1974.035 ; gain = 1061.484
Synthesis Optimization Complete : Time (s): cpu = 00:00:27 ; elapsed = 00:00:29 . Memory (MB): peak = 1974.035 ; gain = 1122.734
INFO: [Project 1-571] Translating synthesized netlist
Netlist sorting complete. Time (s): cpu = 00:00:00 ; elapsed = 00:00:00.001 . Memory (MB): peak = 1983.207 ; gain = 0.000
INFO: [Project 1-570] Preparing netlist for logic optimization
INFO: [Opt 31-138] Pushed 0 inverter(s) to 0 load pin(s).
Netlist sorting complete. Time (s): cpu = 00:00:00 ; elapsed = 00:00:00 . Memory (MB): peak = 1986.887 ; gain = 0.000
INFO: [Project 1-111] Unisim Transformation Summary:
No Unisim elements were transformed.

Synth Design complete | Checksum: 61facbb6
INFO: [Common 17-83] Releasing license: Synthesis
19 Infos, 4 Warnings, 1 Critical Warnings and 0 Errors encountered.
synth_design completed successfully
synth_design: Time (s): cpu = 00:00:31 ; elapsed = 00:00:36 . Memory (MB): peak = 1986.887 ; gain = 1327.117
INFO: [runtcl-6] Synthesis results are not added to the cache due to CRITICAL_WARNING
Write ShapeDB Complete: Time (s): cpu = 00:00:00 ; elapsed = 00:00:00.013 . Memory (MB): peak = 1986.887 ; gain = 0.000
INFO: [Common 17-1381] The checkpoint 'G:/My Drive/0 - SUTD/Term 6/DSL/Project/verilog/FPGA-Vivado-Verilog-VS-code-Project-Template/build/cmod_a7_project.runs/synth_1/switch_display.dcp' has been generated.
INFO: [Vivado 12-24828] Executing command : report_utilization -file switch_display_utilization_synth.rpt -pb switch_display_utilization_synth.pb
INFO: [Common 17-206] Exiting Vivado at Wed Mar  4 13:24:27 2026...
[Wed Mar  4 13:24:30 2026] synth_1 finished
wait_on_runs: Time (s): cpu = 00:00:00 ; elapsed = 00:00:51 . Memory (MB): peak = 665.996 ; gain = 0.000
# open_run synth_1
Design is defaulting to impl run constrset: constrs_1
Design is defaulting to synth run part: xc7a35tcpg236-1
INFO: [Device 21-403] Loading part xc7a35tcpg236-1
INFO: [Project 1-5699] Read binary netlist with skipMacroContent - 1
Netlist sorting complete. Time (s): cpu = 00:00:00 ; elapsed = 00:00:00 . Memory (MB): peak = 867.422 ; gain = 0.000
INFO: [Project 1-479] Netlist was created with Vivado 2025.2
INFO: [Project 1-570] Preparing netlist for logic optimization
Parsing XDC File [G:/My Drive/0 - SUTD/Term 6/DSL/Project/verilog/FPGA-Vivado-Verilog-VS-code-Project-Template/constraints/CMODA7_Constrain.xdc]
WARNING: [Vivado 12-584] No ports matched 'led'. [G:/My Drive/0 - SUTD/Term 6/DSL/Project/verilog/FPGA-Vivado-Verilog-VS-code-Project-Template/constraints/CMODA7_Constrain.xdc:11]
CRITICAL WARNING: [Common 17-55] 'set_property' expects at least one object. [G:/My Drive/0 - SUTD/Term 6/DSL/Project/verilog/FPGA-Vivado-Verilog-VS-code-Project-Template/constraints/CMODA7_Constrain.xdc:11]
Resolution: If [get_<value>] was used to populate the object, check to make sure this command returns at least one valid object.
Finished Parsing XDC File [G:/My Drive/0 - SUTD/Term 6/DSL/Project/verilog/FPGA-Vivado-Verilog-VS-code-Project-Template/constraints/CMODA7_Constrain.xdc]
INFO: [Opt 31-138] Pushed 0 inverter(s) to 0 load pin(s).
Netlist sorting complete. Time (s): cpu = 00:00:00 ; elapsed = 00:00:00.001 . Memory (MB): peak = 1002.898 ; gain = 0.000
INFO: [Project 1-111] Unisim Transformation Summary:
No Unisim elements were transformed.

# if {[get_property PROGRESS [get_runs synth_1]] != "100%"} {
#     puts "ERROR: Synthesis failed!"
#     exit 1
# }
# puts "Synthesis completed successfully"
Synthesis completed successfully
# puts "Running Implementation..."
Running Implementation...
# launch_runs impl_1 -to_step write_bitstream
INFO: [Timing 38-480] Writing timing data to binary archive.
Wrote PlaceDB: Time (s): cpu = 00:00:00 ; elapsed = 00:00:00.001 . Memory (MB): peak = 1012.980 ; gain = 0.000
Write ShapeDB Complete: Time (s): cpu = 00:00:00 ; elapsed = 00:00:00.032 . Memory (MB): peak = 1012.980 ; gain = 6.074
Wrote PulsedLatchDB: Time (s): cpu = 00:00:00 ; elapsed = 00:00:00.002 . Memory (MB): peak = 1012.980 ; gain = 0.000
Writing XDEF routing.
Writing XDEF routing logical nets.
Writing XDEF routing special nets.
Wrote RouteStorage: Time (s): cpu = 00:00:00 ; elapsed = 00:00:00.025 . Memory (MB): peak = 1012.980 ; gain = 0.000
Wrote PlaceStorage: Time (s): cpu = 00:00:00 ; elapsed = 00:00:00 . Memory (MB): peak = 1012.980 ; gain = 0.000
Wrote Netlist Cache: Time (s): cpu = 00:00:00 ; elapsed = 00:00:00 . Memory (MB): peak = 1012.980 ; gain = 0.000
Wrote Device Cache: Time (s): cpu = 00:00:00 ; elapsed = 00:00:00.017 . Memory (MB): peak = 1012.980 ; gain = 0.000
Write Physdb Complete: Time (s): cpu = 00:00:00 ; elapsed = 00:00:00.155 . Memory (MB): peak = 1012.980 ; gain = 6.074
[Wed Mar  4 13:24:35 2026] Launched impl_1...
Run output will be captured here: G:/My Drive/0 - SUTD/Term 6/DSL/Project/verilog/FPGA-Vivado-Verilog-VS-code-Project-Template/build/cmod_a7_project.runs/impl_1/runme.log
# wait_on_run impl_1
[Wed Mar  4 13:24:35 2026] Waiting for impl_1 to finish...

*** Running vivado
    with args -log switch_display.vdi -applog -m64 -product Vivado -messageDb vivado.pb -mode batch -source switch_display.tcl -notrace



****** Vivado v2025.2 (64-bit)
  **** SW Build 6299465 on Fri Nov 14 19:35:11 GMT 2025
  **** IP Build 6300035 on Fri Nov 14 10:48:45 MST 2025
  **** SharedData Build 6298862 on Thu Nov 13 04:50:51 MST 2025
  **** Start of session at: Wed Mar  4 13:24:42 2026
    ** Copyright 1986-2022 Xilinx, Inc. All Rights Reserved.
    ** Copyright 2022-2025 Advanced Micro Devices, Inc. All Rights Reserved.

source switch_display.tcl -notrace
Command: open_checkpoint {G:/My Drive/0 - SUTD/Term 6/DSL/Project/verilog/FPGA-Vivado-Verilog-VS-code-Project-Template/build/cmod_a7_project.runs/impl_1/switch_display.dcp}
INFO: [Device 21-403] Loading part xc7a35tcpg236-1
Netlist sorting complete. Time (s): cpu = 00:00:00 ; elapsed = 00:00:00.001 . Memory (MB): peak = 871.602 ; gain = 0.000
INFO: [Project 1-479] Netlist was created with Vivado 2025.2
INFO: [Project 1-570] Preparing netlist for logic optimization
Read ShapeDB Complete: Time (s): cpu = 00:00:00 ; elapsed = 00:00:00.030 . Memory (MB): peak = 963.012 ; gain = 0.074
INFO: [Timing 38-478] Restoring timing data from binary archive.
INFO: [Timing 38-479] Binary timing data restore complete.
INFO: [Project 1-856] Restoring constraints from binary archive.
INFO: [Project 1-853] Binary constraint restore complete.
INFO: [Designutils 20-5722] Start Reading Physical Databases.
Reading placement.
Read Netlist Cache: Time (s): cpu = 00:00:00 ; elapsed = 00:00:00 . Memory (MB): peak = 1473.469 ; gain = 0.000
Reading placer database...
Read Device Cache: Time (s): cpu = 00:00:00 ; elapsed = 00:00:00.007 . Memory (MB): peak = 1473.469 ; gain = 0.000
Read PlaceDB: Time (s): cpu = 00:00:00 ; elapsed = 00:00:00 . Memory (MB): peak = 1473.469 ; gain = 0.000
Read placeStorage: Time (s): cpu = 00:00:00 ; elapsed = 00:00:00 . Memory (MB): peak = 1473.469 ; gain = 0.000
Read PulsedLatchDB: Time (s): cpu = 00:00:00 ; elapsed = 00:00:00 . Memory (MB): peak = 1473.469 ; gain = 0.000
Reading routing.
Read RouteStorage: Time (s): cpu = 00:00:00 ; elapsed = 00:00:00.006 . Memory (MB): peak = 1473.469 ; gain = 0.000
Read Physdb Files: Time (s): cpu = 00:00:00 ; elapsed = 00:00:00.209 . Memory (MB): peak = 1473.469 ; gain = 0.000
Restored from archive | CPU: 0.000000 secs | Memory: 0.000000 MB |
Finished XDEF File Restore: Time (s): cpu = 00:00:00 ; elapsed = 00:00:00.257 . Memory (MB): peak = 1473.469 ; gain = 2.859
Netlist sorting complete. Time (s): cpu = 00:00:00 ; elapsed = 00:00:00.001 . Memory (MB): peak = 1473.469 ; gain = 0.000
INFO: [Project 1-111] Unisim Transformation Summary:
No Unisim elements were transformed.

INFO: [Project 1-604] Checkpoint was created with Vivado v2025.2 (64-bit) build 6299465
open_checkpoint: Time (s): cpu = 00:00:17 ; elapsed = 00:00:16 . Memory (MB): peak = 1473.469 ; gain = 1032.719
Command: opt_design
Attempting to get a license for feature 'Implementation' and/or device 'xc7a35t'
INFO: [Common 17-349] Got license for feature 'Implementation' and/or device 'xc7a35t'
Running DRC as a precondition to command opt_design

Starting DRC Task
INFO: [DRC 23-27] Running DRC with 2 threads
INFO: [Project 1-461] DRC finished with 0 Errors
INFO: [Project 1-462] Please refer to the DRC report (report_drc) for more information.

Time (s): cpu = 00:00:00 ; elapsed = 00:00:00.567 . Memory (MB): peak = 1497.039 ; gain = 23.570

Starting Cache Timing Information Task
INFO: [Timing 38-35] Done setting XDC timing constraints.
Ending Cache Timing Information Task | Checksum: 1f1479f85

Time (s): cpu = 00:00:00 ; elapsed = 00:00:00.026 . Memory (MB): peak = 1591.516 ; gain = 94.477

Starting Logic Optimization Task

Phase 1 Initialization

Phase 1.1 Core Generation And Design Setup
Phase 1.1 Core Generation And Design Setup | Checksum: 1f1479f85

Time (s): cpu = 00:00:00 ; elapsed = 00:00:00.006 . Memory (MB): peak = 2044.059 ; gain = 0.000

Phase 1.2 Setup Constraints And Sort Netlist
Phase 1.2 Setup Constraints And Sort Netlist | Checksum: 1f1479f85

Time (s): cpu = 00:00:00 ; elapsed = 00:00:00.010 . Memory (MB): peak = 2044.059 ; gain = 0.000
Phase 1 Initialization | Checksum: 1f1479f85

Time (s): cpu = 00:00:00 ; elapsed = 00:00:00.011 . Memory (MB): peak = 2044.059 ; gain = 0.000

Phase 2 Timer Update And Timing Data Collection

Phase 2.1 Detect if minReqCache needed
Phase 2.1 Detect if minReqCache needed | Checksum: 1f1479f85

Time (s): cpu = 00:00:00 ; elapsed = 00:00:00.021 . Memory (MB): peak = 2044.059 ; gain = 0.000

Phase 2.2 Timer Update
Phase 2.2 Timer Update | Checksum: 1f1479f85

Time (s): cpu = 00:00:00 ; elapsed = 00:00:00.036 . Memory (MB): peak = 2044.059 ; gain = 0.000

Phase 2.3 Timing Data Collection
Phase 2.3 Timing Data Collection | Checksum: 1f1479f85

Time (s): cpu = 00:00:00 ; elapsed = 00:00:00.038 . Memory (MB): peak = 2044.059 ; gain = 0.000
Phase 2 Timer Update And Timing Data Collection | Checksum: 1f1479f85

Time (s): cpu = 00:00:00 ; elapsed = 00:00:00.039 . Memory (MB): peak = 2044.059 ; gain = 0.000

Phase 3 Retarget
INFO: [Opt 31-1851] Number of loadless carry chains removed were: 0
INFO: [Opt 31-1834] Total Chains To Be Transformed Were: 0 AND Number of Transformed insts Created are: 0
INFO: [Opt 31-138] Pushed 0 inverter(s) to 0 load pin(s).
INFO: [Opt 31-49] Retargeted 0 cell(s).
Phase 3 Retarget | Checksum: 1f1479f85

Time (s): cpu = 00:00:00 ; elapsed = 00:00:00.087 . Memory (MB): peak = 2044.059 ; gain = 0.000
Retarget | Checksum: 1f1479f85
INFO: [Opt 31-389] Phase Retarget created 0 cells and removed 0 cells

Phase 4 Constant propagation
INFO: [Opt 31-138] Pushed 0 inverter(s) to 0 load pin(s).
Phase 4 Constant propagation | Checksum: 1f1479f85

Time (s): cpu = 00:00:00 ; elapsed = 00:00:00.092 . Memory (MB): peak = 2044.059 ; gain = 0.000
Constant propagation | Checksum: 1f1479f85
INFO: [Opt 31-389] Phase Constant propagation created 0 cells and removed 0 cells

Phase 5 Sweep
INFO: [Constraints 18-11670] Building netlist checker database with flags, 0x8
Done building netlist checker database: Time (s): cpu = 00:00:00 ; elapsed = 00:00:00 . Memory (MB): peak = 2044.059 ; gain = 0.000
Phase 5 Sweep | Checksum: 1f1479f85

Time (s): cpu = 00:00:00 ; elapsed = 00:00:00.099 . Memory (MB): peak = 2044.059 ; gain = 0.000
Sweep | Checksum: 1f1479f85
INFO: [Opt 31-389] Phase Sweep created 0 cells and removed 0 cells

Phase 6 BUFG optimization
Phase 6 BUFG optimization | Checksum: 1f1479f85

Time (s): cpu = 00:00:00 ; elapsed = 00:00:00.113 . Memory (MB): peak = 2044.059 ; gain = 0.000
BUFG optimization | Checksum: 1f1479f85
INFO: [Opt 31-662] Phase BUFG optimization created 0 cells of which 0 are BUFGs and removed 0 cells.

Phase 7 Shift Register Optimization
INFO: [Opt 31-1064] SRL Remap converted 0 SRLs to 0 registers and converted 0 registers of register chains to 0 SRLs
Phase 7 Shift Register Optimization | Checksum: 1f1479f85

Time (s): cpu = 00:00:00 ; elapsed = 00:00:00.118 . Memory (MB): peak = 2044.059 ; gain = 0.000
Shift Register Optimization | Checksum: 1f1479f85
INFO: [Opt 31-389] Phase Shift Register Optimization created 0 cells and removed 0 cells

Phase 8 Post Processing Netlist
Phase 8 Post Processing Netlist | Checksum: 1f1479f85

Time (s): cpu = 00:00:00 ; elapsed = 00:00:00.123 . Memory (MB): peak = 2044.059 ; gain = 0.000
Post Processing Netlist | Checksum: 1f1479f85
INFO: [Opt 31-389] Phase Post Processing Netlist created 0 cells and removed 0 cells

Phase 9 Finalization

Phase 9.1 Finalizing Design Cores and Updating Shapes
Phase 9.1 Finalizing Design Cores and Updating Shapes | Checksum: 1f1479f85

Time (s): cpu = 00:00:00 ; elapsed = 00:00:00.127 . Memory (MB): peak = 2044.059 ; gain = 0.000

Phase 9.2 Verifying Netlist Connectivity

Starting Connectivity Check Task

Time (s): cpu = 00:00:00 ; elapsed = 00:00:00.006 . Memory (MB): peak = 2044.059 ; gain = 0.000
Phase 9.2 Verifying Netlist Connectivity | Checksum: 1f1479f85

Time (s): cpu = 00:00:00 ; elapsed = 00:00:00.135 . Memory (MB): peak = 2044.059 ; gain = 0.000
Phase 9 Finalization | Checksum: 1f1479f85

Time (s): cpu = 00:00:00 ; elapsed = 00:00:00.136 . Memory (MB): peak = 2044.059 ; gain = 0.000
Opt_design Change Summary
=========================


-------------------------------------------------------------------------------------------------------------------------
|  Phase                        |  #Cells created  |  #Cells Removed  |  #Constrained objects preventing optimizations  |
-------------------------------------------------------------------------------------------------------------------------
|  Retarget                     |               0  |               0  |                                              0  |
|  Constant propagation         |               0  |               0  |                                              0  |
|  Sweep                        |               0  |               0  |                                              0  |
|  BUFG optimization            |               0  |               0  |                                              0  |
|  Shift Register Optimization  |               0  |               0  |                                              0  |
|  Post Processing Netlist      |               0  |               0  |                                              0  |
-------------------------------------------------------------------------------------------------------------------------


Ending Logic Optimization Task | Checksum: 1f1479f85

Time (s): cpu = 00:00:00 ; elapsed = 00:00:00.142 . Memory (MB): peak = 2044.059 ; gain = 0.000

Starting Power Optimization Task
INFO: [Pwropt 34-132] Skipping clock gating for clocks with a period < 2.00 ns.
Ending Power Optimization Task | Checksum: 1f1479f85

Time (s): cpu = 00:00:00 ; elapsed = 00:00:00.026 . Memory (MB): peak = 2044.059 ; gain = 0.000

Starting Final Cleanup Task
Ending Final Cleanup Task | Checksum: 1f1479f85

Time (s): cpu = 00:00:00 ; elapsed = 00:00:00.001 . Memory (MB): peak = 2044.059 ; gain = 0.000
Netlist sorting complete. Time (s): cpu = 00:00:00 ; elapsed = 00:00:00 . Memory (MB): peak = 2044.059 ; gain = 0.000
INFO: [Common 17-83] Releasing license: Implementation
30 Infos, 0 Warnings, 0 Critical Warnings and 0 Errors encountered.
opt_design completed successfully
INFO: [Vivado 12-24828] Executing command : report_drc -file switch_display_drc_opted.rpt -pb switch_display_drc_opted.pb -rpx switch_display_drc_opted.rpx
Command: report_drc -file switch_display_drc_opted.rpt -pb switch_display_drc_opted.pb -rpx switch_display_drc_opted.rpx
INFO: [IP_Flow 19-234] Refreshing IP repositories
INFO: [IP_Flow 19-1704] No user IP repositories specified
INFO: [IP_Flow 19-2313] Loaded Vivado IP repository 'C:/AMDDesignTools/2025.2/Vivado/data/ip'.
INFO: [DRC 23-27] Running DRC with 2 threads
INFO: [Vivado_Tcl 2-168] The results of DRC are in file G:/My Drive/0 - SUTD/Term 6/DSL/Project/verilog/FPGA-Vivado-Verilog-VS-code-Project-Template/build/cmod_a7_project.runs/impl_1/switch_display_drc_opted.rpt.
report_drc completed successfully
report_drc: Time (s): cpu = 00:00:09 ; elapsed = 00:00:10 . Memory (MB): peak = 2044.059 ; gain = 0.000
generate_parallel_reports: Time (s): cpu = 00:00:09 ; elapsed = 00:00:10 . Memory (MB): peak = 2044.059 ; gain = 0.000
INFO: [Timing 38-480] Writing timing data to binary archive.
Wrote PlaceDB: Time (s): cpu = 00:00:00 ; elapsed = 00:00:00 . Memory (MB): peak = 2044.059 ; gain = 0.000
Write ShapeDB Complete: Time (s): cpu = 00:00:00 ; elapsed = 00:00:00.028 . Memory (MB): peak = 2044.059 ; gain = 0.000
Wrote PulsedLatchDB: Time (s): cpu = 00:00:00 ; elapsed = 00:00:00 . Memory (MB): peak = 2044.059 ; gain = 0.000
Writing XDEF routing.
Writing XDEF routing logical nets.
Writing XDEF routing special nets.
Wrote RouteStorage: Time (s): cpu = 00:00:00 ; elapsed = 00:00:00.025 . Memory (MB): peak = 2044.059 ; gain = 0.000
Wrote PlaceStorage: Time (s): cpu = 00:00:00 ; elapsed = 00:00:00 . Memory (MB): peak = 2044.059 ; gain = 0.000
Wrote Netlist Cache: Time (s): cpu = 00:00:00 ; elapsed = 00:00:00 . Memory (MB): peak = 2044.059 ; gain = 0.000
Wrote Device Cache: Time (s): cpu = 00:00:00 ; elapsed = 00:00:00.014 . Memory (MB): peak = 2044.059 ; gain = 0.000
Write Physdb Complete: Time (s): cpu = 00:00:00 ; elapsed = 00:00:00.135 . Memory (MB): peak = 2044.059 ; gain = 0.000
INFO: [Common 17-1381] The checkpoint 'G:/My Drive/0 - SUTD/Term 6/DSL/Project/verilog/FPGA-Vivado-Verilog-VS-code-Project-Template/build/cmod_a7_project.runs/impl_1/switch_display_opt.dcp' has been generated.
Command: place_design
Attempting to get a license for feature 'Implementation' and/or device 'xc7a35t'
INFO: [Common 17-349] Got license for feature 'Implementation' and/or device 'xc7a35t'
INFO: [Common 17-83] Releasing license: Implementation
INFO: [DRC 23-27] Running DRC with 2 threads
INFO: [Vivado_Tcl 4-198] DRC finished with 0 Errors
INFO: [Vivado_Tcl 4-199] Please refer to the DRC report (report_drc) for more information.
INFO: [Timing 38-35] Done setting XDC timing constraints.
Running DRC as a precondition to command place_design
INFO: [DRC 23-27] Running DRC with 2 threads
INFO: [Vivado_Tcl 4-198] DRC finished with 0 Errors
INFO: [Vivado_Tcl 4-199] Please refer to the DRC report (report_drc) for more information.
INFO: [Place 30-611] Multithreading enabled for place_design using a maximum of 2 CPUs

Starting Placer Task

Phase 1 Placer Initialization

Phase 1.1 Placer Initialization Netlist Sorting
Netlist sorting complete. Time (s): cpu = 00:00:00 ; elapsed = 00:00:00 . Memory (MB): peak = 2044.059 ; gain = 0.000
Phase 1.1 Placer Initialization Netlist Sorting | Checksum: 18f4cd3cf

Time (s): cpu = 00:00:00 ; elapsed = 00:00:00.010 . Memory (MB): peak = 2044.059 ; gain = 0.000
Netlist sorting complete. Time (s): cpu = 00:00:00 ; elapsed = 00:00:00 . Memory (MB): peak = 2044.059 ; gain = 0.000

Phase 1.2 IO Placement/ Clock Placement/ Build Placer Device
Phase 1.2 IO Placement/ Clock Placement/ Build Placer Device | Checksum: f17a7189

Time (s): cpu = 00:00:00 ; elapsed = 00:00:00.247 . Memory (MB): peak = 2044.059 ; gain = 0.000

Phase 1.3 Build Placer Netlist Model
Phase 1.3 Build Placer Netlist Model | Checksum: 1275374bb

Time (s): cpu = 00:00:00 ; elapsed = 00:00:00.337 . Memory (MB): peak = 2044.059 ; gain = 0.000

Phase 1.4 Constrain Clocks/Macros
Phase 1.4 Constrain Clocks/Macros | Checksum: 1275374bb

Time (s): cpu = 00:00:00 ; elapsed = 00:00:00.342 . Memory (MB): peak = 2044.059 ; gain = 0.000
Phase 1 Placer Initialization | Checksum: 1275374bb

Time (s): cpu = 00:00:00 ; elapsed = 00:00:00.353 . Memory (MB): peak = 2044.059 ; gain = 0.000

Phase 2 Global Placement

Phase 2.1 Floorplanning
Phase 2.1 Floorplanning | Checksum: fd218134

Time (s): cpu = 00:00:01 ; elapsed = 00:00:00.389 . Memory (MB): peak = 2044.059 ; gain = 0.000

Phase 2.2 Update Timing before SLR Path Opt
Phase 2.2 Update Timing before SLR Path Opt | Checksum: 10b0a608a

Time (s): cpu = 00:00:01 ; elapsed = 00:00:00.402 . Memory (MB): peak = 2044.059 ; gain = 0.000

Phase 2.3 Post-Processing in Floorplanning
Phase 2.3 Post-Processing in Floorplanning | Checksum: 10b0a608a

Time (s): cpu = 00:00:01 ; elapsed = 00:00:00.404 . Memory (MB): peak = 2044.059 ; gain = 0.000

Phase 2.4 Global Place Phase1
Phase 2.4 Global Place Phase1 | Checksum: 17806050c

Time (s): cpu = 00:00:01 ; elapsed = 00:00:00.503 . Memory (MB): peak = 2044.059 ; gain = 0.000

Phase 2.5 Global Place Phase2

Phase 2.5.1 UpdateTiming Before Physical Synthesis
Phase 2.5.1 UpdateTiming Before Physical Synthesis | Checksum: 17806050c

Time (s): cpu = 00:00:01 ; elapsed = 00:00:00.517 . Memory (MB): peak = 2044.059 ; gain = 0.000

Phase 2.5.2 Physical Synthesis In Placer
INFO: [Physopt 32-1044] Break lutnm for timing: one critical 0, two critical 0, total 0, new lutff created 0
INFO: [Physopt 32-1138] End 1 Pass. Optimized 0 net or LUT. Breaked 0 LUT, combined 0 existing LUT and moved 0 existing LUT
INFO: [Physopt 32-65] No nets found for high-fanout optimization.
INFO: [Physopt 32-232] Optimized 0 net. Created 0 new instance.
INFO: [Physopt 32-775] End 1 Pass. Optimized 0 net or cell. Created 0 new cell, deleted 0 existing cell and moved 0 existing cell
INFO: [Physopt 32-670] No setup violation found.  DSP Register Optimization was not performed.
INFO: [Physopt 32-670] No setup violation found.  Shift Register to Pipeline Optimization was not performed.
INFO: [Physopt 32-670] No setup violation found.  Shift Register Optimization was not performed.
INFO: [Physopt 32-670] No setup violation found.  BRAM Register Optimization was not performed.
INFO: [Physopt 32-670] No setup violation found.  URAM Register Optimization was not performed.
INFO: [Physopt 32-949] No candidate nets found for dynamic/static region interface net replication
INFO: [Physopt 32-775] End 1 Pass. Optimized 0 net or cell. Created 0 new cell, deleted 0 existing cell and moved 0 existing cell
Netlist sorting complete. Time (s): cpu = 00:00:00 ; elapsed = 00:00:00 . Memory (MB): peak = 2044.059 ; gain = 0.000

Summary of Physical Synthesis Optimizations
============================================


-----------------------------------------------------------------------------------------------------------------------------------------------------------
|  Optimization                                     |  Added Cells  |  Removed Cells  |  Optimized Cells/Nets  |  Dont Touch  |  Iterations  |  Elapsed   |
-----------------------------------------------------------------------------------------------------------------------------------------------------------
|  LUT Combining                                    |            0  |              0  |                     0  |           0  |           1  |  00:00:00  |
|  Retime                                           |            0  |              0  |                     0  |           0  |           1  |  00:00:00  |
|  Very High Fanout                                 |            0  |              0  |                     0  |           0  |           1  |  00:00:00  |
|  DSP Register                                     |            0  |              0  |                     0  |           0  |           0  |  00:00:00  |
|  Shift Register to Pipeline                       |            0  |              0  |                     0  |           0  |           0  |  00:00:00  |
|  Shift Register                                   |            0  |              0  |                     0  |           0  |           0  |  00:00:00  |
|  BRAM Register                                    |            0  |              0  |                     0  |           0  |           0  |  00:00:00  |
|  URAM Register                                    |            0  |              0  |                     0  |           0  |           0  |  00:00:00  |
|  Dynamic/Static Region Interface Net Replication  |            0  |              0  |                     0  |           0  |           1  |  00:00:00  |
|  Total                                            |            0  |              0  |                     0  |           0  |           4  |  00:00:00  |
-----------------------------------------------------------------------------------------------------------------------------------------------------------


Phase 2.5.2 Physical Synthesis In Placer | Checksum: 17806050c

Time (s): cpu = 00:00:01 ; elapsed = 00:00:00.596 . Memory (MB): peak = 2044.059 ; gain = 0.000
Phase 2.5 Global Place Phase2 | Checksum: 17add01b7

Time (s): cpu = 00:00:01 ; elapsed = 00:00:00.641 . Memory (MB): peak = 2044.059 ; gain = 0.000
Phase 2 Global Placement | Checksum: 17add01b7

Time (s): cpu = 00:00:01 ; elapsed = 00:00:00.645 . Memory (MB): peak = 2044.059 ; gain = 0.000

Phase 3 Detail Placement

Phase 3.1 Commit Multi Column Macros
Phase 3.1 Commit Multi Column Macros | Checksum: 1963b90f8

Time (s): cpu = 00:00:01 ; elapsed = 00:00:00.662 . Memory (MB): peak = 2044.059 ; gain = 0.000

Phase 3.2 Commit Most Macros & LUTRAMs
Phase 3.2 Commit Most Macros & LUTRAMs | Checksum: 153b957bc

Time (s): cpu = 00:00:01 ; elapsed = 00:00:00.689 . Memory (MB): peak = 2044.059 ; gain = 0.000

Phase 3.3 Area Swap Optimization
Phase 3.3 Area Swap Optimization | Checksum: 15c6f7830

Time (s): cpu = 00:00:01 ; elapsed = 00:00:00.695 . Memory (MB): peak = 2044.059 ; gain = 0.000

Phase 3.4 Pipeline Register Optimization
Phase 3.4 Pipeline Register Optimization | Checksum: 15c6f7830

Time (s): cpu = 00:00:01 ; elapsed = 00:00:00.698 . Memory (MB): peak = 2044.059 ; gain = 0.000

Phase 3.5 Small Shape Detail Placement
Phase 3.5 Small Shape Detail Placement | Checksum: 196d60fa5

Time (s): cpu = 00:00:01 ; elapsed = 00:00:00.792 . Memory (MB): peak = 2044.059 ; gain = 0.000

Phase 3.6 Re-assign LUT pins
Phase 3.6 Re-assign LUT pins | Checksum: 1d50be8e2

Time (s): cpu = 00:00:01 ; elapsed = 00:00:00.805 . Memory (MB): peak = 2044.059 ; gain = 0.000

Phase 3.7 Pipeline Register Optimization
Phase 3.7 Pipeline Register Optimization | Checksum: 1d50be8e2

Time (s): cpu = 00:00:01 ; elapsed = 00:00:00.809 . Memory (MB): peak = 2044.059 ; gain = 0.000
Phase 3 Detail Placement | Checksum: 1d50be8e2

Time (s): cpu = 00:00:01 ; elapsed = 00:00:00.811 . Memory (MB): peak = 2044.059 ; gain = 0.000

Phase 4 Post Placement Optimization and Clean-Up

Phase 4.1 Post Commit Optimization
INFO: [Timing 38-35] Done setting XDC timing constraints.

Phase 4.1.1 Post Placement Optimization
Post Placement Optimization Initialization | Checksum: 209c654dd

Phase 4.1.1.1 BUFG Insertion

Starting Physical Synthesis Task

Phase 1 Physical Synthesis Initialization
INFO: [Physopt 32-721] Multithreading enabled for phys_opt_design using a maximum of 2 CPUs
INFO: [Physopt 32-619] Estimated Timing Summary | WNS=78.736 | TNS=0.000 |
Phase 1 Physical Synthesis Initialization | Checksum: 1514ceb72

Time (s): cpu = 00:00:00 ; elapsed = 00:00:00.011 . Memory (MB): peak = 2044.059 ; gain = 0.000
INFO: [Place 46-56] BUFG insertion identified 0 candidate nets. Inserted BUFG: 0, Replicated BUFG Driver: 0, Skipped due to Placement/Routing Conflicts: 0, Skipped due to Timing Degradation: 0, Skipped due to netlist editing failed: 0.
Ending Physical Synthesis Task | Checksum: 1c08ff5c8

Time (s): cpu = 00:00:00 ; elapsed = 00:00:00.016 . Memory (MB): peak = 2044.059 ; gain = 0.000
Phase 4.1.1.1 BUFG Insertion | Checksum: 209c654dd

Time (s): cpu = 00:00:01 ; elapsed = 00:00:00.930 . Memory (MB): peak = 2044.059 ; gain = 0.000

Phase 4.1.1.2 Post Placement Timing Optimization
INFO: [Place 30-746] Post Placement Timing Summary WNS=78.736. For the most accurate timing information please run report_timing.
Phase 4.1.1.2 Post Placement Timing Optimization | Checksum: 19c009eb9

Time (s): cpu = 00:00:01 ; elapsed = 00:00:00.933 . Memory (MB): peak = 2044.059 ; gain = 0.000

Time (s): cpu = 00:00:01 ; elapsed = 00:00:00.935 . Memory (MB): peak = 2044.059 ; gain = 0.000
Phase 4.1 Post Commit Optimization | Checksum: 19c009eb9

Time (s): cpu = 00:00:01 ; elapsed = 00:00:00.937 . Memory (MB): peak = 2044.059 ; gain = 0.000

Phase 4.2 Post Placement Cleanup
Phase 4.2 Post Placement Cleanup | Checksum: 19c009eb9

Time (s): cpu = 00:00:01 ; elapsed = 00:00:00.944 . Memory (MB): peak = 2044.059 ; gain = 0.000

Phase 4.3 Placer Reporting

Phase 4.3.1 Print Estimated Congestion
INFO: [Place 30-612] Post-Placement Estimated Congestion 
 ____________________________________________________
|           | Global Congestion | Short Congestion  |
| Direction | Region Size       | Region Size       |
|___________|___________________|___________________|
|      North|                1x1|                1x1|
|___________|___________________|___________________|
|      South|                1x1|                1x1|
|___________|___________________|___________________|
|       East|                1x1|                1x1|
|___________|___________________|___________________|
|       West|                1x1|                1x1|
|___________|___________________|___________________|

Phase 4.3.1 Print Estimated Congestion | Checksum: 19c009eb9

Time (s): cpu = 00:00:01 ; elapsed = 00:00:00.948 . Memory (MB): peak = 2044.059 ; gain = 0.000
Phase 4.3 Placer Reporting | Checksum: 19c009eb9

Time (s): cpu = 00:00:01 ; elapsed = 00:00:00.949 . Memory (MB): peak = 2044.059 ; gain = 0.000

Phase 4.4 Final Placement Cleanup
Netlist sorting complete. Time (s): cpu = 00:00:00 ; elapsed = 00:00:00 . Memory (MB): peak = 2044.059 ; gain = 0.000

Time (s): cpu = 00:00:01 ; elapsed = 00:00:00.955 . Memory (MB): peak = 2044.059 ; gain = 0.000
Phase 4 Post Placement Optimization and Clean-Up | Checksum: 16291d6bd

Time (s): cpu = 00:00:01 ; elapsed = 00:00:00.957 . Memory (MB): peak = 2044.059 ; gain = 0.000
Ending Placer Task | Checksum: 125266216

Time (s): cpu = 00:00:01 ; elapsed = 00:00:00.959 . Memory (MB): peak = 2044.059 ; gain = 0.000
66 Infos, 0 Warnings, 0 Critical Warnings and 0 Errors encountered.
place_design completed successfully
INFO: [Vivado 12-24838] Running report commands "report_control_sets, report_io, report_utilization" in parallel.
Running report generation with 2 threads.
INFO: [Vivado 12-24828] Executing command : report_utilization -file switch_display_utilization_placed.rpt -pb switch_display_utilization_placed.pb
INFO: [Vivado 12-24828] Executing command : report_control_sets -verbose -file switch_display_control_sets_placed.rpt
report_control_sets: Time (s): cpu = 00:00:00 ; elapsed = 00:00:00.012 . Memory (MB): peak = 2044.059 ; gain = 0.000
INFO: [Vivado 12-24828] Executing command : report_io -file switch_display_io_placed.rpt
report_io: Time (s): cpu = 00:00:00 ; elapsed = 00:00:00.097 . Memory (MB): peak = 2044.059 ; gain = 0.000
INFO: [Timing 38-480] Writing timing data to binary archive.
Wrote PlaceDB: Time (s): cpu = 00:00:00 ; elapsed = 00:00:00 . Memory (MB): peak = 2044.059 ; gain = 0.000
Write ShapeDB Complete: Time (s): cpu = 00:00:00 ; elapsed = 00:00:00.031 . Memory (MB): peak = 2044.059 ; gain = 0.000
Wrote PulsedLatchDB: Time (s): cpu = 00:00:00 ; elapsed = 00:00:00 . Memory (MB): peak = 2044.059 ; gain = 0.000
Writing XDEF routing.
Writing XDEF routing logical nets.
Writing XDEF routing special nets.
Wrote RouteStorage: Time (s): cpu = 00:00:00 ; elapsed = 00:00:00.025 . Memory (MB): peak = 2044.059 ; gain = 0.000
Wrote PlaceStorage: Time (s): cpu = 00:00:00 ; elapsed = 00:00:00.016 . Memory (MB): peak = 2044.059 ; gain = 0.000
Wrote Netlist Cache: Time (s): cpu = 00:00:00 ; elapsed = 00:00:00.002 . Memory (MB): peak = 2044.059 ; gain = 0.000
Wrote Device Cache: Time (s): cpu = 00:00:00 ; elapsed = 00:00:00.014 . Memory (MB): peak = 2044.059 ; gain = 0.000
Write Physdb Complete: Time (s): cpu = 00:00:00 ; elapsed = 00:00:00.158 . Memory (MB): peak = 2044.059 ; gain = 0.000
INFO: [Common 17-1381] The checkpoint 'G:/My Drive/0 - SUTD/Term 6/DSL/Project/verilog/FPGA-Vivado-Verilog-VS-code-Project-Template/build/cmod_a7_project.runs/impl_1/switch_display_placed.dcp' has been generated.
Command: phys_opt_design
Attempting to get a license for feature 'Implementation' and/or device 'xc7a35t'
INFO: [Common 17-349] Got license for feature 'Implementation' and/or device 'xc7a35t'

Starting Initial Update Timing Task

Time (s): cpu = 00:00:00 ; elapsed = 00:00:00.016 . Memory (MB): peak = 2044.059 ; gain = 0.000
INFO: [Vivado_Tcl 4-2279] Estimated Timing Summary | WNS= 78.736 | TNS= 0.000 | 
INFO: [Vivado_Tcl 4-383] Design worst setup slack (WNS) is greater than or equal to 0.000 ns. All physical synthesis setup optimizations will be skipped.
INFO: [Vivado_Tcl 4-232] No setup violation found. The netlist was not modified.
INFO: [Common 17-83] Releasing license: Implementation
77 Infos, 0 Warnings, 0 Critical Warnings and 0 Errors encountered.
phys_opt_design completed successfully
INFO: [Timing 38-480] Writing timing data to binary archive.
Wrote PlaceDB: Time (s): cpu = 00:00:00 ; elapsed = 00:00:00 . Memory (MB): peak = 2044.059 ; gain = 0.000
Write ShapeDB Complete: Time (s): cpu = 00:00:00 ; elapsed = 00:00:00.031 . Memory (MB): peak = 2044.059 ; gain = 0.000
Wrote PulsedLatchDB: Time (s): cpu = 00:00:00 ; elapsed = 00:00:00 . Memory (MB): peak = 2044.059 ; gain = 0.000
Writing XDEF routing.
Writing XDEF routing logical nets.
Writing XDEF routing special nets.
Wrote RouteStorage: Time (s): cpu = 00:00:00 ; elapsed = 00:00:00.024 . Memory (MB): peak = 2044.059 ; gain = 0.000
Wrote PlaceStorage: Time (s): cpu = 00:00:00 ; elapsed = 00:00:00.009 . Memory (MB): peak = 2044.059 ; gain = 0.000
Wrote Netlist Cache: Time (s): cpu = 00:00:00 ; elapsed = 00:00:00.003 . Memory (MB): peak = 2044.059 ; gain = 0.000
Wrote Device Cache: Time (s): cpu = 00:00:00 ; elapsed = 00:00:00.016 . Memory (MB): peak = 2044.059 ; gain = 0.000
Write Physdb Complete: Time (s): cpu = 00:00:00 ; elapsed = 00:00:00.151 . Memory (MB): peak = 2044.059 ; gain = 0.000
INFO: [Common 17-1381] The checkpoint 'G:/My Drive/0 - SUTD/Term 6/DSL/Project/verilog/FPGA-Vivado-Verilog-VS-code-Project-Template/build/cmod_a7_project.runs/impl_1/switch_display_physopt.dcp' has been generated.
Command: route_design
Attempting to get a license for feature 'Implementation' and/or device 'xc7a35t'
INFO: [Common 17-349] Got license for feature 'Implementation' and/or device 'xc7a35t'


Starting Routing Task
INFO: [Route 35-254] Multithreading enabled for route_design using a maximum of 2 CPUs

Phase 1 Build RT Design
Checksum: PlaceDB: 79f2d8ca ConstDB: 0 ShapeSum: ab22cf5 RouteDB: a0815c57
Post Restoration Checksum: NetGraph: de657798 | NumContArr: a567133a | Constraints: c2a8fa9d | Timing: c2a8fa9d
Phase 1 Build RT Design | Checksum: 3091e800c

Time (s): cpu = 00:00:18 ; elapsed = 00:00:17 . Memory (MB): peak = 2044.059 ; gain = 0.000

Phase 2 Router Initialization

Phase 2.1 Fix Topology Constraints
Phase 2.1 Fix Topology Constraints | Checksum: 3091e800c

Time (s): cpu = 00:00:18 ; elapsed = 00:00:17 . Memory (MB): peak = 2044.059 ; gain = 0.000

Phase 2.2 Pre Route Cleanup
Phase 2.2 Pre Route Cleanup | Checksum: 3091e800c

Time (s): cpu = 00:00:18 ; elapsed = 00:00:17 . Memory (MB): peak = 2044.059 ; gain = 0.000
 Number of Nodes with overlaps = 0

Phase 2.3 Update Timing
Phase 2.3 Update Timing | Checksum: 1d09df817

Time (s): cpu = 00:00:18 ; elapsed = 00:00:17 . Memory (MB): peak = 2044.059 ; gain = 0.000
INFO: [Route 35-416] Intermediate Timing Summary | WNS=78.750 | TNS=0.000  | WHS=-0.062 | THS=-0.216 |


Phase 2.4 Soft Constraint Pins - Fast Budgeting
Phase 2.4 Soft Constraint Pins - Fast Budgeting | Checksum: 224de4c24

Time (s): cpu = 00:00:18 ; elapsed = 00:00:17 . Memory (MB): peak = 2044.059 ; gain = 0.000

Router Utilization Summary
  Global Vertical Routing Utilization    = 0 %
  Global Horizontal Routing Utilization  = 0 %
  Routable Net Status*
  *Does not include unroutable nets such as driverless and loadless.
  Run report_route_status for detailed report.
  Number of Failed Nets               = 59
    (Failed Nets is the sum of unrouted and partially routed nets)
  Number of Unrouted Nets             = 59
  Number of Partially Routed Nets     = 0
  Number of Node Overlaps             = 0

Phase 2 Router Initialization | Checksum: 224de4c24

Time (s): cpu = 00:00:18 ; elapsed = 00:00:17 . Memory (MB): peak = 2044.059 ; gain = 0.000

Phase 3 Global Routing
Phase 3 Global Routing | Checksum: 224de4c24

Time (s): cpu = 00:00:18 ; elapsed = 00:00:17 . Memory (MB): peak = 2044.059 ; gain = 0.000

Phase 4 Initial Routing

Phase 4.1 Initial Net Routing Pass
Phase 4.1 Initial Net Routing Pass | Checksum: 2be87ff5a

Time (s): cpu = 00:00:18 ; elapsed = 00:00:17 . Memory (MB): peak = 2044.059 ; gain = 0.000
Phase 4 Initial Routing | Checksum: 2be87ff5a

Time (s): cpu = 00:00:18 ; elapsed = 00:00:17 . Memory (MB): peak = 2044.059 ; gain = 0.000

Phase 5 Rip-up And Reroute

Phase 5.1 Global Iteration 0
 Number of Nodes with overlaps = 2
 Number of Nodes with overlaps = 0
INFO: [Route 35-416] Intermediate Timing Summary | WNS=78.277 | TNS=0.000  | WHS=N/A    | THS=N/A    |

Phase 5.1 Global Iteration 0 | Checksum: 255d905fb

Time (s): cpu = 00:00:18 ; elapsed = 00:00:17 . Memory (MB): peak = 2044.059 ; gain = 0.000
Phase 5 Rip-up And Reroute | Checksum: 255d905fb

Time (s): cpu = 00:00:18 ; elapsed = 00:00:17 . Memory (MB): peak = 2044.059 ; gain = 0.000

Phase 6 Delay and Skew Optimization

Phase 6.1 Delay CleanUp

Phase 6.1.1 Update Timing
Phase 6.1.1 Update Timing | Checksum: 255d905fb

Time (s): cpu = 00:00:18 ; elapsed = 00:00:17 . Memory (MB): peak = 2044.059 ; gain = 0.000
INFO: [Route 35-416] Intermediate Timing Summary | WNS=78.356 | TNS=0.000  | WHS=N/A    | THS=N/A    |

Phase 6.1 Delay CleanUp | Checksum: 255d905fb

Time (s): cpu = 00:00:18 ; elapsed = 00:00:17 . Memory (MB): peak = 2044.059 ; gain = 0.000

Phase 6.2 Clock Skew Optimization
Phase 6.2 Clock Skew Optimization | Checksum: 255d905fb

Time (s): cpu = 00:00:18 ; elapsed = 00:00:17 . Memory (MB): peak = 2044.059 ; gain = 0.000
Phase 6 Delay and Skew Optimization | Checksum: 255d905fb

Time (s): cpu = 00:00:18 ; elapsed = 00:00:17 . Memory (MB): peak = 2044.059 ; gain = 0.000

Phase 7 Post Hold Fix

Phase 7.1 Hold Fix Iter
INFO: [Route 35-416] Intermediate Timing Summary | WNS=78.356 | TNS=0.000  | WHS=0.217  | THS=0.000  |

Phase 7.1 Hold Fix Iter | Checksum: 25030f3f9

Time (s): cpu = 00:00:19 ; elapsed = 00:00:17 . Memory (MB): peak = 2044.059 ; gain = 0.000
Phase 7 Post Hold Fix | Checksum: 25030f3f9

Time (s): cpu = 00:00:19 ; elapsed = 00:00:17 . Memory (MB): peak = 2044.059 ; gain = 0.000

Phase 8 Route finalize

Router Utilization Summary
  Global Vertical Routing Utilization    = 0.0759786 %
  Global Horizontal Routing Utilization  = 0.0489328 %
  Routable Net Status*
  *Does not include unroutable nets such as driverless and loadless.
  Run report_route_status for detailed report.
  Number of Failed Nets               = 0
    (Failed Nets is the sum of unrouted and partially routed nets)
  Number of Unrouted Nets             = 0
  Number of Partially Routed Nets     = 0
  Number of Node Overlaps             = 0

Phase 8 Route finalize | Checksum: 25030f3f9

Time (s): cpu = 00:00:19 ; elapsed = 00:00:17 . Memory (MB): peak = 2044.059 ; gain = 0.000

Phase 9 Verifying routed nets

 Verification completed successfully
Phase 9 Verifying routed nets | Checksum: 25030f3f9

Time (s): cpu = 00:00:19 ; elapsed = 00:00:17 . Memory (MB): peak = 2044.059 ; gain = 0.000

Phase 10 Depositing Routes
Phase 10 Depositing Routes | Checksum: 215040bec

Time (s): cpu = 00:00:19 ; elapsed = 00:00:17 . Memory (MB): peak = 2044.059 ; gain = 0.000

Phase 11 Post Process Routing
Phase 11 Post Process Routing | Checksum: 215040bec

Time (s): cpu = 00:00:19 ; elapsed = 00:00:17 . Memory (MB): peak = 2044.059 ; gain = 0.000

Phase 12 Post Router Timing
INFO: [Route 35-57] Estimated Timing Summary | WNS=78.356 | TNS=0.000  | WHS=0.217  | THS=0.000  |

INFO: [Route 35-327] The final timing numbers are based on the router estimated timing analysis. For a complete and accurate timing signoff, please run report_timing_summary.
Phase 12 Post Router Timing | Checksum: 215040bec

Time (s): cpu = 00:00:19 ; elapsed = 00:00:17 . Memory (MB): peak = 2044.059 ; gain = 0.000
Total Elapsed time in route_design: 17.184 secs

Phase 13 Post-Route Event Processing
Phase 13 Post-Route Event Processing | Checksum: 958dc924

Time (s): cpu = 00:00:19 ; elapsed = 00:00:17 . Memory (MB): peak = 2044.059 ; gain = 0.000
INFO: [Route 35-16] Router Completed Successfully
Ending Routing Task | Checksum: 958dc924

Time (s): cpu = 00:00:19 ; elapsed = 00:00:17 . Memory (MB): peak = 2044.059 ; gain = 0.000

Routing Is Done.
INFO: [Common 17-83] Releasing license: Implementation
89 Infos, 0 Warnings, 0 Critical Warnings and 0 Errors encountered.
route_design completed successfully
route_design: Time (s): cpu = 00:00:19 ; elapsed = 00:00:17 . Memory (MB): peak = 2044.059 ; gain = 0.000
INFO: [Vivado 12-24828] Executing command : report_drc -file switch_display_drc_routed.rpt -pb switch_display_drc_routed.pb -rpx switch_display_drc_routed.rpx
Command: report_drc -file switch_display_drc_routed.rpt -pb switch_display_drc_routed.pb -rpx switch_display_drc_routed.rpx
INFO: [IP_Flow 19-1839] IP Catalog is up to date.
INFO: [DRC 23-27] Running DRC with 2 threads
INFO: [Vivado_Tcl 2-168] The results of DRC are in file G:/My Drive/0 - SUTD/Term 6/DSL/Project/verilog/FPGA-Vivado-Verilog-VS-code-Project-Template/build/cmod_a7_project.runs/impl_1/switch_display_drc_routed.rpt.
report_drc completed successfully
INFO: [Vivado 12-24828] Executing command : report_methodology -file switch_display_methodology_drc_routed.rpt -pb switch_display_methodology_drc_routed.pb -rpx switch_display_methodology_drc_routed.rpx
Command: report_methodology -file switch_display_methodology_drc_routed.rpt -pb switch_display_methodology_drc_routed.pb -rpx switch_display_methodology_drc_routed.rpx
INFO: [Timing 38-35] Done setting XDC timing constraints.
INFO: [DRC 23-133] Running Methodology with 2 threads
INFO: [Vivado_Tcl 2-1520] The results of Report Methodology are in file G:/My Drive/0 - SUTD/Term 6/DSL/Project/verilog/FPGA-Vivado-Verilog-VS-code-Project-Template/build/cmod_a7_project.runs/impl_1/switch_display_methodology_drc_routed.rpt.
report_methodology completed successfully
INFO: [Vivado 12-24828] Executing command : report_timing_summary -max_paths 10 -routable_nets -report_unconstrained -file switch_display_timing_summary_routed.rpt -pb switch_display_timing_summary_routed.pb -rpx switch_display_timing_summary_routed.rpx -warn_on_violation 
INFO: [Timing 38-35] Done setting XDC timing constraints.
INFO: [Timing 38-91] UpdateTimingParams: Speed grade: -1, Delay Type: min_max.
INFO: [Timing 38-191] Multithreading enabled for timing update using a maximum of 2 CPUs
INFO: [Vivado 12-24838] Running report commands "report_incremental_reuse, report_route_status" in parallel.
Running report generation with 2 threads.
INFO: [Vivado 12-24828] Executing command : report_incremental_reuse -file switch_display_incremental_reuse_routed.rpt
INFO: [Vivado_Tcl 4-1062] Incremental flow is disabled. No incremental reuse Info to report.
INFO: [Vivado 12-24828] Executing command : report_route_status -file switch_display_route_status.rpt -pb switch_display_route_status.pb
INFO: [Vivado 12-24828] Executing command : report_power -file switch_display_power_routed.rpt -pb switch_display_power_summary_routed.pb -rpx switch_display_power_routed.rpx
Command: report_power -file switch_display_power_routed.rpt -pb switch_display_power_summary_routed.pb -rpx switch_display_power_routed.rpx
Running Vector-less Activity Propagation...

Finished Running Vector-less Activity Propagation
106 Infos, 0 Warnings, 0 Critical Warnings and 0 Errors encountered.
report_power completed successfully
INFO: [Vivado 12-24828] Executing command : report_clock_utilization -file switch_display_clock_utilization_routed.rpt
INFO: [Vivado 12-24828] Executing command : report_bus_skew -warn_on_violation -file switch_display_bus_skew_routed.rpt -pb switch_display_bus_skew_routed.pb -rpx switch_display_bus_skew_routed.rpx
INFO: [Timing 38-91] UpdateTimingParams: Speed grade: -1, Delay Type: min_max.
INFO: [Timing 38-191] Multithreading enabled for timing update using a maximum of 2 CPUs
INFO: [Timing 38-480] Writing timing data to binary archive.
Wrote PlaceDB: Time (s): cpu = 00:00:00 ; elapsed = 00:00:00 . Memory (MB): peak = 2044.059 ; gain = 0.000
Write ShapeDB Complete: Time (s): cpu = 00:00:00 ; elapsed = 00:00:00.035 . Memory (MB): peak = 2044.059 ; gain = 0.000
Wrote PulsedLatchDB: Time (s): cpu = 00:00:00 ; elapsed = 00:00:00 . Memory (MB): peak = 2044.059 ; gain = 0.000
Writing XDEF routing.
Writing XDEF routing logical nets.
Writing XDEF routing special nets.
Wrote RouteStorage: Time (s): cpu = 00:00:00 ; elapsed = 00:00:00.025 . Memory (MB): peak = 2044.059 ; gain = 0.000
Wrote PlaceStorage: Time (s): cpu = 00:00:00 ; elapsed = 00:00:00.012 . Memory (MB): peak = 2044.059 ; gain = 0.000
Wrote Netlist Cache: Time (s): cpu = 00:00:00 ; elapsed = 00:00:00.003 . Memory (MB): peak = 2044.059 ; gain = 0.000
Wrote Device Cache: Time (s): cpu = 00:00:00 ; elapsed = 00:00:00.016 . Memory (MB): peak = 2044.059 ; gain = 0.000
Write Physdb Complete: Time (s): cpu = 00:00:00 ; elapsed = 00:00:00.158 . Memory (MB): peak = 2044.059 ; gain = 0.000
INFO: [Common 17-1381] The checkpoint 'G:/My Drive/0 - SUTD/Term 6/DSL/Project/verilog/FPGA-Vivado-Verilog-VS-code-Project-Template/build/cmod_a7_project.runs/impl_1/switch_display_routed.dcp' has been generated.
Command: write_bitstream -force switch_display.bit
Attempting to get a license for feature 'Implementation' and/or device 'xc7a35t'
INFO: [Common 17-349] Got license for feature 'Implementation' and/or device 'xc7a35t'
Running DRC as a precondition to command write_bitstream
INFO: [IP_Flow 19-1839] IP Catalog is up to date.
INFO: [DRC 23-27] Running DRC with 2 threads
ERROR: [DRC NSTD-1] Unspecified I/O Standard: 24 out of 25 logical ports use I/O standard (IOSTANDARD) value 'DEFAULT', instead of a user assigned specific value. This may cause I/O contention or incompatibility with the board power or connectivity affecting performance, signal integrity or in extreme cases cause damage to the device or the components to which it is connected. To correct this violation, specify all I/O standards. This design will fail to generate a bitstream unless all logical ports have a user specified I/O standard value defined. To allow bitstream creation with unspecified I/O standard values (not recommended), use this command: set_property SEVERITY {Warning} [get_drc_checks NSTD-1].  NOTE: When using the Vivado Runs infrastructure (e.g. launch_runs Tcl command), add this command to a .tcl file and add that file as a pre-hook for write_bitstream step for the implementation run. Problem ports: hex[5:0], seg[7:0], and sw[9:0].
ERROR: [DRC UCIO-1] Unconstrained Logical Port: 24 out of 25 logical ports have no user assigned specific location constraint (LOC). This may cause I/O contention or incompatibility with the board power or connectivity affecting performance, signal integrity or in extreme cases cause damage to the device or the components to which it is connected. To correct this violation, specify all pin locations. This design will fail to generate a bitstream unless all logical ports have a user specified site LOC constraint defined.  To allow bitstream creation with unspecified pin locations (not recommended), use this command: set_property SEVERITY {Warning} [get_drc_checks UCIO-1].  NOTE: When using the Vivado Runs infrastructure (e.g. launch_runs Tcl command), add this command to a .tcl file and add that file as a pre-hook for write_bitstream step for the implementation run.  Problem ports: hex[5:0], seg[7:0], and sw[9:0].
INFO: [Vivado 12-3199] DRC finished with 2 Errors
INFO: [Vivado 12-3200] Please refer to the DRC report (report_drc) for more information.
ERROR: [Vivado 12-1345] Error(s) found during DRC. Bitgen not run.
INFO: [Common 17-83] Releasing license: Implementation
118 Infos, 0 Warnings, 0 Critical Warnings and 3 Errors encountered.
write_bitstream failed
ERROR: [Common 17-39] 'write_bitstream' failed due to earlier errors.

INFO: [Common 17-206] Exiting Vivado at Wed Mar  4 13:25:44 2026...
[Wed Mar  4 13:25:45 2026] impl_1 finished
ERROR: [Vivado 12-13638] Failed runs(s) : 'impl_1'
wait_on_runs: Time (s): cpu = 00:00:00 ; elapsed = 00:01:09 . Memory (MB): peak = 1012.980 ; gain = 0.000
ERROR: [Common 17-39] 'wait_on_runs' failed due to earlier errors.

    while executing
"wait_on_run impl_1"
    (file "G:\My Drive\0 - SUTD\Term 6\DSL\Project\verilog\FPGA-Vivado-Verilog-VS-code-Project-Template\scripts\build.tcl" line 96)
INFO: [Common 17-206] Exiting Vivado at Wed Mar  4 13:25:45 2026...
