Copyright 1986-2022 Xilinx, Inc. All Rights Reserved. Copyright 2022-2025 Advanced Micro Devices, Inc. All Rights Reserved.
---------------------------------------------------------------------------------------------------------------------------------------------
| Tool Version : Vivado v.2025.2 (win64) Build 6299465 Fri Nov 14 19:35:11 GMT 2025
| Date         : Wed Apr 22 22:11:58 2026
| Host         : DESKTOP-NP0GIO7 running 64-bit major release  (build 9200)
| Command      : report_control_sets -verbose -file lfsr_nl_seed_uart_control_sets_placed.rpt
| Design       : lfsr_nl_seed_uart
| Device       : xc7a35t
---------------------------------------------------------------------------------------------------------------------------------------------

Control Set Information

Table of Contents
-----------------
1. Summary
2. Histogram
3. Flip-Flop Distribution
4. Detailed Control Set Information

1. Summary
----------

+----------------------------------------------------------+-------+
|                          Status                          | Count |
+----------------------------------------------------------+-------+
| Total control sets                                       |    15 |
|    Minimum number of control sets                        |    15 |
|    Addition due to synthesis replication                 |     0 |
|    Addition due to physical synthesis replication        |     0 |
| Unused register locations in slices containing registers |    18 |
+----------------------------------------------------------+-------+
* Control sets can be merged at opt_design using control_set_merge or merge_equivalent_drivers
** Run report_qor_suggestions for automated merging and remapping suggestions


2. Histogram
------------

+--------------------+-------+
|       Fanout       | Count |
+--------------------+-------+
| Total control sets |    15 |
| >= 0 to < 4        |     1 |
| >= 4 to < 6        |     1 |
| >= 6 to < 8        |     0 |
| >= 8 to < 10       |     9 |
| >= 10 to < 12      |     0 |
| >= 12 to < 14      |     1 |
| >= 14 to < 16      |     0 |
| >= 16              |     3 |
+--------------------+-------+
* Control sets can be remapped at either synth_design or opt_design


3. Flip-Flop Distribution
-------------------------

+--------------+-----------------------+------------------------+-----------------+--------------+
| Clock Enable | Synchronous Set/Reset | Asynchronous Set/Reset | Total Registers | Total Slices |
+--------------+-----------------------+------------------------+-----------------+--------------+
| No           | No                    | No                     |              13 |            7 |
| No           | No                    | Yes                    |               0 |            0 |
| No           | Yes                   | No                     |              33 |           14 |
| Yes          | No                    | No                     |               3 |            1 |
| Yes          | No                    | Yes                    |               0 |            0 |
| Yes          | Yes                   | No                     |             109 |           37 |
+--------------+-----------------------+------------------------+-----------------+--------------+


4. Detailed Control Set Information
-----------------------------------

+-------------------+-------------------------------------+----------------------+------------------+----------------+--------------+
|    Clock Signal   |            Enable Signal            |   Set/Reset Signal   | Slice Load Count | Bel Load Count | Bels / Slice |
+-------------------+-------------------------------------+----------------------+------------------+----------------+--------------+
|  sysclk_IBUF_BUFG | sel                                 |                      |                1 |              3 |         3.00 |
|  sysclk_IBUF_BUFG | rx_inst/FSM_onehot_state[4]_i_1_n_0 | rst                  |                2 |              5 |         2.50 |
|  sysclk_IBUF_BUFG | tx_inst/E[0]                        | rst                  |                1 |              8 |         8.00 |
|  sysclk_IBUF_BUFG | tx_inst/tx_data_reg[0]              | rst                  |                2 |              8 |         4.00 |
|  sysclk_IBUF_BUFG | tx_inst/state_0[2]                  | rst                  |                4 |              8 |         2.00 |
|  sysclk_IBUF_BUFG | rx_inst/data_valid_i_1_n_0          | rst                  |                4 |              8 |         2.00 |
|  sysclk_IBUF_BUFG | rx_inst/data_valid_reg_2[0]         | rx_inst/rst_reg_0[0] |                2 |              8 |         4.00 |
|  sysclk_IBUF_BUFG | rx_inst/data_valid_reg_0[0]         | rx_inst/rst_reg[0]   |                2 |              8 |         4.00 |
|  sysclk_IBUF_BUFG | rx_inst/data_valid_reg_1[0]         | rx_inst/rst_reg_0[0] |                4 |              8 |         2.00 |
|  sysclk_IBUF_BUFG | rx_inst/E[0]                        | rst                  |                3 |              8 |         2.67 |
|  sysclk_IBUF_BUFG | rx_inst/E[0]                        | rx_inst/SR[0]        |                3 |              8 |         2.67 |
|  sysclk_IBUF_BUFG |                                     |                      |                7 |             13 |         1.86 |
|  sysclk_IBUF_BUFG | rand_word[0]                        | rst                  |                4 |             16 |         4.00 |
|  sysclk_IBUF_BUFG | rx_inst/clk_count[0]                | rst                  |                6 |             16 |         2.67 |
|  sysclk_IBUF_BUFG |                                     | rst                  |               14 |             33 |         2.36 |
+-------------------+-------------------------------------+----------------------+------------------+----------------+--------------+


